Wed, 01 Apr 2020 20:07:59 views.py[line:99] INFO Input pkg_token: JSESSIONID=FDF44865889AC6CE70D963446BA7431B;
Wed, 01 Apr 2020 20:07:59 views.py[line:100] INFO Input light_token:Light 299bd6b073c211ea8383392c9629c3d3
Wed, 01 Apr 2020 20:07:59 views.py[line:112] INFO [Errno 2] No such file or directory: 'D:\\scripts\\git\\myweb\\myweb\\static/files\\SVN30137-h5-fans-cnpsec-20200331-13.51.42-offline-replaced.zip'
Wed, 01 Apr 2020 20:07:59 views.py[line:113] INFO Upload File[D:\scripts\git\myweb\myweb\static/files\SVN30137-h5-fans-cnpsec-20200331-13.51.42-offline-replaced.zip] Failed.
Wed, 01 Apr 2020 20:08:36 views.py[line:99] INFO Input pkg_token: JSESSIONID=FDF44865889AC6CE70D963446BA7431B;
Wed, 01 Apr 2020 20:08:36 views.py[line:100] INFO Input light_token:Light 299bd6b073c211ea8383392c9629c3d3
Wed, 01 Apr 2020 20:08:36 views.py[line:110] INFO Upload File[D:\scripts\git\myweb\myweb\static/files\SVN30137-h5-fans-cnpsec-20200331-13.51.42-offline-replaced.zip] Successfully.
Wed, 01 Apr 2020 20:08:36 views.py[line:137] INFO Trying to replace config file.
Wed, 01 Apr 2020 20:08:36 views.py[line:149] INFO Unzip or Zip file error: SVN30137-h5-fans-cnpsec-20200331-13.51.42-offline-replaced.zip
Wed, 01 Apr 2020 20:20:20 views.py[line:99] INFO Input pkg_token: JSESSIONID=FDF44865889AC6CE70D963446BA7431B;
Wed, 01 Apr 2020 20:20:20 views.py[line:100] INFO Input light_token:Light 299bd6b073c211ea8383392c9629c3d3
Wed, 01 Apr 2020 20:20:20 views.py[line:110] INFO Upload File[D:\scripts\git\myweb\myweb\static/files\SVN30137-h5-fans-cnpsec-20200331-13.51.42-offline-replaced.zip] Successfully.
Wed, 01 Apr 2020 20:20:20 views.py[line:137] INFO Trying to replace config file.
Wed, 01 Apr 2020 20:20:20 views.py[line:140] DEBUG Trying to unzip download zip file[D:\scripts\git\myweb\myweb\static/files\SVN30137-h5-fans-cnpsec-20200331-13.51.42-offline-replaced.zip].
Wed, 01 Apr 2020 20:20:20 views.py[line:149] INFO Unzip or Zip file error: SVN30137-h5-fans-cnpsec-20200331-13.51.42-offline-replaced.zip
Wed, 01 Apr 2020 20:23:19 views.py[line:99] INFO Input pkg_token: JSESSIONID=FDF44865889AC6CE70D963446BA7431B;
Wed, 01 Apr 2020 20:23:19 views.py[line:100] INFO Input light_token:Light 299bd6b073c211ea8383392c9629c3d3
Wed, 01 Apr 2020 20:23:19 views.py[line:110] INFO Upload File[D:\scripts\git\myweb\myweb\static/files\SVN30137-h5-fans-cnpsec-20200331-13.51.42-offline-replaced.zip] Successfully.
Wed, 01 Apr 2020 20:23:19 views.py[line:137] INFO Trying to replace config file.
Wed, 01 Apr 2020 20:23:19 views.py[line:140] DEBUG Trying to unzip download zip file[D:\scripts\git\myweb\myweb\static/files\SVN30137-h5-fans-cnpsec-20200331-13.51.42-offline-replaced.zip].
Wed, 01 Apr 2020 20:23:19 views.py[line:149] INFO Unzip or Zip file error: SVN30137-h5-fans-cnpsec-20200331-13.51.42-offline-replaced.zip
Wed, 01 Apr 2020 20:26:13 views.py[line:99] INFO Input pkg_token: JSESSIONID=FDF44865889AC6CE70D963446BA7431B;
Wed, 01 Apr 2020 20:26:13 views.py[line:100] INFO Input light_token:Light 299bd6b073c211ea8383392c9629c3d3
Wed, 01 Apr 2020 20:26:13 views.py[line:110] INFO Upload File[D:\scripts\git\myweb\myweb\static/files\SVN30137-h5-fans-cnpsec-20200331-13.51.42-offline-replaced.zip] Successfully.
Wed, 01 Apr 2020 20:26:13 views.py[line:137] INFO Trying to replace config file.
Wed, 01 Apr 2020 20:26:13 views.py[line:140] DEBUG Trying to unzip download zip file[D:\scripts\git\myweb\myweb\static/files\SVN30137-h5-fans-cnpsec-20200331-13.51.42-offline-replaced.zip].
Wed, 01 Apr 2020 20:26:13 views.py[line:149] INFO Unzip or Zip file error: SVN30137-h5-fans-cnpsec-20200331-13.51.42-offline-replaced.zip
Wed, 01 Apr 2020 20:28:20 views.py[line:99] INFO Input pkg_token: JSESSIONID=FDF44865889AC6CE70D963446BA7431B;
Wed, 01 Apr 2020 20:28:20 views.py[line:100] INFO Input light_token:Light 299bd6b073c211ea8383392c9629c3d3
Wed, 01 Apr 2020 20:28:20 views.py[line:110] INFO Upload File[D:\scripts\git\myweb\myweb\static/files\SVN30137-h5-fans-cnpsec-20200331-13.51.42-offline-replaced.zip] Successfully.
Wed, 01 Apr 2020 20:28:20 views.py[line:137] INFO Trying to replace config file.
Wed, 01 Apr 2020 20:28:20 views.py[line:140] DEBUG Trying to unzip download zip file[D:\scripts\git\myweb\myweb\static/files\SVN30137-h5-fans-cnpsec-20200331-13.51.42-offline-replaced.zip].
Wed, 01 Apr 2020 20:28:20 views.py[line:149] INFO Unzip or Zip file error: SVN30137-h5-fans-cnpsec-20200331-13.51.42-offline-replaced.zip
Wed, 01 Apr 2020 20:32:35 views.py[line:99] INFO Input pkg_token: JSESSIONID=FDF44865889AC6CE70D963446BA7431B;
Wed, 01 Apr 2020 20:32:35 views.py[line:100] INFO Input light_token:Light 299bd6b073c211ea8383392c9629c3d3
Wed, 01 Apr 2020 20:32:35 views.py[line:110] INFO Upload File[D:\scripts\git\myweb\myweb\static/files\SVN30137-h5-fans-cnpsec-20200331-13.51.42-offline-replaced.zip] Successfully.
Wed, 01 Apr 2020 20:32:35 views.py[line:137] INFO Trying to replace config file.
Wed, 01 Apr 2020 20:32:35 views.py[line:140] DEBUG Trying to unzip download zip file[D:\scripts\git\myweb\myweb\static/files\SVN30137-h5-fans-cnpsec-20200331-13.51.42-offline-replaced.zip].
Wed, 01 Apr 2020 20:32:35 views.py[line:149] INFO Unzip or Zip file error: SVN30137-h5-fans-cnpsec-20200331-13.51.42-offline-replaced.zip
Wed, 01 Apr 2020 20:33:35 views.py[line:99] INFO Input pkg_token: JSESSIONID=FDF44865889AC6CE70D963446BA7431B;
Wed, 01 Apr 2020 20:33:35 views.py[line:100] INFO Input light_token:Light 299bd6b073c211ea8383392c9629c3d3
Wed, 01 Apr 2020 20:33:35 views.py[line:110] INFO Upload File[D:\scripts\git\myweb\myweb\static/files\SVN30137-h5-fans-cnpsec-20200331-13.51.42-offline-replaced.zip] Successfully.
Wed, 01 Apr 2020 20:33:35 views.py[line:137] INFO Trying to replace config file.
Wed, 01 Apr 2020 20:33:35 views.py[line:140] DEBUG Trying to unzip download zip file[D:\scripts\git\myweb\myweb\static/files\SVN30137-h5-fans-cnpsec-20200331-13.51.42-offline-replaced.zip].
Wed, 01 Apr 2020 20:33:35 replace_config_file.py[line:20] INFO Into Replace.unzip_file...
Wed, 01 Apr 2020 20:33:35 views.py[line:149] INFO Unzip or Zip file error: SVN30137-h5-fans-cnpsec-20200331-13.51.42-offline-replaced.zip
Wed, 01 Apr 2020 20:35:55 views.py[line:99] INFO Input pkg_token: JSESSIONID=FDF44865889AC6CE70D963446BA7431B;
Wed, 01 Apr 2020 20:35:55 views.py[line:100] INFO Input light_token:Light 299bd6b073c211ea8383392c9629c3d3
Wed, 01 Apr 2020 20:35:55 views.py[line:110] INFO Upload File[D:\scripts\git\myweb\myweb\static/files\SVN30137-h5-fans-cnpsec-20200331-13.51.42-offline-replaced.zip] Successfully.
Wed, 01 Apr 2020 20:35:55 views.py[line:137] INFO Trying to replace config file.
Wed, 01 Apr 2020 20:35:55 views.py[line:140] DEBUG Trying to unzip download zip file[D:\scripts\git\myweb\myweb\static/files\SVN30137-h5-fans-cnpsec-20200331-13.51.42-offline-replaced.zip].
Wed, 01 Apr 2020 20:35:55 replace_config_file.py[line:20] INFO Into Replace.unzip_file...
Wed, 01 Apr 2020 20:35:55 replace_config_file.py[line:27] INFO The zipfile[SVN30137-h5-fans-cnpsec-20200331-13.51.42-offline-replaced.zip] can be recoginized as a zipfile.
Wed, 01 Apr 2020 20:35:55 views.py[line:149] INFO Unzip or Zip file error: SVN30137-h5-fans-cnpsec-20200331-13.51.42-offline-replaced.zip
Wed, 01 Apr 2020 20:37:56 views.py[line:99] INFO Input pkg_token: JSESSIONID=FDF44865889AC6CE70D963446BA7431B;
Wed, 01 Apr 2020 20:37:56 views.py[line:100] INFO Input light_token:Light 299bd6b073c211ea8383392c9629c3d3
Wed, 01 Apr 2020 20:37:56 views.py[line:110] INFO Upload File[D:\scripts\git\myweb\myweb\static/files\SVN30137-h5-fans-cnpsec-20200331-13.51.42-offline-replaced.zip] Successfully.
Wed, 01 Apr 2020 20:37:56 views.py[line:137] INFO Trying to replace config file.
Wed, 01 Apr 2020 20:37:56 views.py[line:140] DEBUG Trying to unzip download zip file[D:\scripts\git\myweb\myweb\static/files\SVN30137-h5-fans-cnpsec-20200331-13.51.42-offline-replaced.zip].
Wed, 01 Apr 2020 20:37:56 replace_config_file.py[line:20] INFO Into Replace.unzip_file...
Wed, 01 Apr 2020 20:37:56 replace_config_file.py[line:27] INFO The zipfile[D:\scripts\git\myweb\myweb\static/files\SVN30137-h5-fans-cnpsec-20200331-13.51.42-offline-replaced.zip] can be recoginized as a zipfile.
Wed, 01 Apr 2020 20:37:56 views.py[line:149] INFO Unzip or Zip file error: SVN30137-h5-fans-cnpsec-20200331-13.51.42-offline-replaced.zip
Wed, 01 Apr 2020 20:42:03 views.py[line:99] INFO Input pkg_token: JSESSIONID=FDF44865889AC6CE70D963446BA7431B;
Wed, 01 Apr 2020 20:42:03 views.py[line:100] INFO Input light_token:Light 299bd6b073c211ea8383392c9629c3d3
Wed, 01 Apr 2020 20:42:03 views.py[line:110] INFO Upload File[D:\scripts\git\myweb\myweb\static/files\SVN30137-h5-fans-cnpsec-20200331-13.51.42-offline-replaced.zip] Successfully.
Wed, 01 Apr 2020 20:42:03 views.py[line:137] INFO Trying to replace config file.
Wed, 01 Apr 2020 20:42:03 views.py[line:140] DEBUG Trying to unzip download zip file[D:\scripts\git\myweb\myweb\static/files\SVN30137-h5-fans-cnpsec-20200331-13.51.42-offline-replaced.zip].
Wed, 01 Apr 2020 20:42:03 replace_config_file.py[line:20] INFO Into Replace.unzip_file...
Wed, 01 Apr 2020 20:42:03 replace_config_file.py[line:27] INFO The zipfile[D:\scripts\git\myweb\myweb\static/files\SVN30137-h5-fans-cnpsec-20200331-13.51.42-offline-replaced.zip] can be recoginized as a zipfile.
Wed, 01 Apr 2020 20:42:03 replace_config_file.py[line:45] INFO Unzip file[SVN30137-h5-fans-cnpsec-20200331-13.51.42-offline-replaced.zip] failed!
Wed, 01 Apr 2020 20:42:03 replace_config_file.py[line:46] INFO Error:name 'clean_env' is not defined
Wed, 01 Apr 2020 20:42:03 views.py[line:149] INFO Unzip or Zip file error: SVN30137-h5-fans-cnpsec-20200331-13.51.42-offline-replaced.zip
Wed, 01 Apr 2020 20:42:46 views.py[line:99] INFO Input pkg_token: JSESSIONID=FDF44865889AC6CE70D963446BA7431B;
Wed, 01 Apr 2020 20:42:46 views.py[line:100] INFO Input light_token:Light 299bd6b073c211ea8383392c9629c3d3
Wed, 01 Apr 2020 20:42:46 views.py[line:110] INFO Upload File[D:\scripts\git\myweb\myweb\static/files\SVN30137-h5-fans-cnpsec-20200331-13.51.42-offline-replaced.zip] Successfully.
Wed, 01 Apr 2020 20:42:46 views.py[line:137] INFO Trying to replace config file.
Wed, 01 Apr 2020 20:42:46 views.py[line:140] DEBUG Trying to unzip download zip file[D:\scripts\git\myweb\myweb\static/files\SVN30137-h5-fans-cnpsec-20200331-13.51.42-offline-replaced.zip].
Wed, 01 Apr 2020 20:42:46 replace_config_file.py[line:20] INFO Into Replace.unzip_file...
Wed, 01 Apr 2020 20:42:46 replace_config_file.py[line:27] INFO The zipfile[D:\scripts\git\myweb\myweb\static/files\SVN30137-h5-fans-cnpsec-20200331-13.51.42-offline-replaced.zip] can be recoginized as a zipfile.
Wed, 01 Apr 2020 20:42:46 replace_config_file.py[line:36] INFO Unzip file[SVN30137-h5-fans-cnpsec-20200331-13.51.42-offline-replaced.zip] Successfully!
Wed, 01 Apr 2020 20:42:46 replace_config_file.py[line:45] INFO Unzip file[SVN30137-h5-fans-cnpsec-20200331-13.51.42-offline-replaced.zip] failed!
Wed, 01 Apr 2020 20:42:46 replace_config_file.py[line:46] INFO Error:name 'src_dir' is not defined
Wed, 01 Apr 2020 20:42:46 views.py[line:149] INFO Unzip or Zip file error: SVN30137-h5-fans-cnpsec-20200331-13.51.42-offline-replaced.zip
Wed, 01 Apr 2020 20:44:01 views.py[line:99] INFO Input pkg_token: JSESSIONID=FDF44865889AC6CE70D963446BA7431B;
Wed, 01 Apr 2020 20:44:01 views.py[line:100] INFO Input light_token:Light 299bd6b073c211ea8383392c9629c3d3
Wed, 01 Apr 2020 20:44:01 views.py[line:110] INFO Upload File[D:\scripts\git\myweb\myweb\static/files\SVN30137-h5-fans-cnpsec-20200331-13.51.42-offline-replaced.zip] Successfully.
Wed, 01 Apr 2020 20:44:01 views.py[line:137] INFO Trying to replace config file.
Wed, 01 Apr 2020 20:44:01 views.py[line:140] DEBUG Trying to unzip download zip file[D:\scripts\git\myweb\myweb\static/files\SVN30137-h5-fans-cnpsec-20200331-13.51.42-offline-replaced.zip].
Wed, 01 Apr 2020 20:44:01 replace_config_file.py[line:20] INFO Into Replace.unzip_file...
Wed, 01 Apr 2020 20:44:01 replace_config_file.py[line:27] INFO The zipfile[D:\scripts\git\myweb\myweb\static/files\SVN30137-h5-fans-cnpsec-20200331-13.51.42-offline-replaced.zip] can be recoginized as a zipfile.
Wed, 01 Apr 2020 20:44:01 replace_config_file.py[line:88] INFO Clean Command: rd /s /q D:\scripts\git\myweb\myweb\static/files\SVN30137-h5-fans-cnpsec-20200331-13.51.42-offline-replaced
Wed, 01 Apr 2020 20:44:01 replace_config_file.py[line:45] INFO Unzip file[SVN30137-h5-fans-cnpsec-20200331-13.51.42-offline-replaced.zip] failed!
Wed, 01 Apr 2020 20:44:01 replace_config_file.py[line:46] INFO Error:name 'time' is not defined
Wed, 01 Apr 2020 20:44:01 views.py[line:149] INFO Unzip or Zip file error: SVN30137-h5-fans-cnpsec-20200331-13.51.42-offline-replaced.zip
Wed, 01 Apr 2020 20:44:34 views.py[line:99] INFO Input pkg_token: JSESSIONID=FDF44865889AC6CE70D963446BA7431B;
Wed, 01 Apr 2020 20:44:34 views.py[line:100] INFO Input light_token:Light 299bd6b073c211ea8383392c9629c3d3
Wed, 01 Apr 2020 20:44:34 views.py[line:110] INFO Upload File[D:\scripts\git\myweb\myweb\static/files\SVN30137-h5-fans-cnpsec-20200331-13.51.42-offline-replaced.zip] Successfully.
Wed, 01 Apr 2020 20:44:34 views.py[line:137] INFO Trying to replace config file.
Wed, 01 Apr 2020 20:44:34 views.py[line:140] DEBUG Trying to unzip download zip file[D:\scripts\git\myweb\myweb\static/files\SVN30137-h5-fans-cnpsec-20200331-13.51.42-offline-replaced.zip].
Wed, 01 Apr 2020 20:44:34 replace_config_file.py[line:22] INFO Into Replace.unzip_file...
Wed, 01 Apr 2020 20:44:34 replace_config_file.py[line:29] INFO The zipfile[D:\scripts\git\myweb\myweb\static/files\SVN30137-h5-fans-cnpsec-20200331-13.51.42-offline-replaced.zip] can be recoginized as a zipfile.
Wed, 01 Apr 2020 20:44:34 replace_config_file.py[line:90] INFO Clean Command: rd /s /q D:\scripts\git\myweb\myweb\static/files\SVN30137-h5-fans-cnpsec-20200331-13.51.42-offline-replaced
Wed, 01 Apr 2020 20:44:36 replace_config_file.py[line:47] INFO Unzip file[SVN30137-h5-fans-cnpsec-20200331-13.51.42-offline-replaced.zip] failed!
Wed, 01 Apr 2020 20:44:36 replace_config_file.py[line:48] INFO Error:[WinError 183] 当文件已存在时，无法创建该文件。: 'D:\\scripts\\git\\myweb\\myweb\\static/files\\SVN30137-h5-fans-cnpsec-20200331-13.51.42-offline-replaced'
Wed, 01 Apr 2020 20:44:36 views.py[line:149] INFO Unzip or Zip file error: SVN30137-h5-fans-cnpsec-20200331-13.51.42-offline-replaced.zip
Wed, 01 Apr 2020 20:46:43 views.py[line:99] INFO Input pkg_token: JSESSIONID=FDF44865889AC6CE70D963446BA7431B;
Wed, 01 Apr 2020 20:46:43 views.py[line:100] INFO Input light_token:Light 299bd6b073c211ea8383392c9629c3d3
Wed, 01 Apr 2020 20:46:43 views.py[line:110] INFO Upload File[D:\scripts\git\myweb\myweb\static/files\SVN30137-h5-fans-cnpsec-20200331-13.51.42-offline-replaced.zip] Successfully.
Wed, 01 Apr 2020 20:46:43 views.py[line:137] INFO Trying to replace config file.
Wed, 01 Apr 2020 20:46:43 views.py[line:140] DEBUG Trying to unzip download zip file[D:\scripts\git\myweb\myweb\static/files\SVN30137-h5-fans-cnpsec-20200331-13.51.42-offline-replaced.zip].
Wed, 01 Apr 2020 20:46:43 replace_config_file.py[line:22] INFO Into Replace.unzip_file...
Wed, 01 Apr 2020 20:46:43 replace_config_file.py[line:29] INFO The zipfile[D:\scripts\git\myweb\myweb\static/files\SVN30137-h5-fans-cnpsec-20200331-13.51.42-offline-replaced.zip] can be recoginized as a zipfile.
Wed, 01 Apr 2020 20:46:43 replace_config_file.py[line:90] INFO Clean Command: rd /s /q D:\scripts\git\myweb\myweb\static/files\SVN30137-h5-fans-cnpsec-20200331-13.51.42-offline-replaced
Wed, 01 Apr 2020 20:46:44 replace_config_file.py[line:47] INFO Unzip file[SVN30137-h5-fans-cnpsec-20200331-13.51.42-offline-replaced.zip] failed!
Wed, 01 Apr 2020 20:46:44 replace_config_file.py[line:48] INFO Error:[WinError 183] 当文件已存在时，无法创建该文件。: 'D:\\scripts\\git\\myweb\\myweb\\static/files\\SVN30137-h5-fans-cnpsec-20200331-13.51.42-offline-replaced'
Wed, 01 Apr 2020 20:46:44 views.py[line:149] INFO Unzip or Zip file error: SVN30137-h5-fans-cnpsec-20200331-13.51.42-offline-replaced.zip
Wed, 01 Apr 2020 20:48:22 views.py[line:99] INFO Input pkg_token: JSESSIONID=FDF44865889AC6CE70D963446BA7431B;
Wed, 01 Apr 2020 20:48:22 views.py[line:100] INFO Input light_token:Light 299bd6b073c211ea8383392c9629c3d3
Wed, 01 Apr 2020 20:48:22 views.py[line:110] INFO Upload File[D:\scripts\git\myweb\myweb\static/files\SVN30137-h5-fans-cnpsec-20200331-13.51.42-offline-replaced.zip] Successfully.
Wed, 01 Apr 2020 20:48:22 views.py[line:137] INFO Trying to replace config file.
Wed, 01 Apr 2020 20:48:22 views.py[line:140] DEBUG Trying to unzip download zip file[D:\scripts\git\myweb\myweb\static/files\SVN30137-h5-fans-cnpsec-20200331-13.51.42-offline-replaced.zip].
Wed, 01 Apr 2020 20:48:22 replace_config_file.py[line:22] INFO Into Replace.unzip_file...
Wed, 01 Apr 2020 20:48:22 replace_config_file.py[line:29] INFO The zipfile[D:\scripts\git\myweb\myweb\static/files\SVN30137-h5-fans-cnpsec-20200331-13.51.42-offline-replaced.zip] can be recoginized as a zipfile.
Wed, 01 Apr 2020 20:48:22 replace_config_file.py[line:91] INFO Clean Command: rd /s /q D:\scripts\git\myweb\myweb\static/files\SVN30137-h5-fans-cnpsec-20200331-13.51.42-offline-replaced
Wed, 01 Apr 2020 20:48:24 replace_config_file.py[line:39] INFO Unzip file[SVN30137-h5-fans-cnpsec-20200331-13.51.42-offline-replaced.zip] Successfully!
Wed, 01 Apr 2020 20:48:24 views.py[line:142] DEBUG src_dir is D:\scripts\git\myweb\myweb\static/files\SVN30137-h5-fans-cnpsec-20200331-13.51.42-offline-replaced, dest_dir is D:\scripts\git\myweb\myweb\static/files, file_name is D:\scripts\git\myweb\myweb\static/files\SVN30137-h5-fans-cnpsec-20200331-13.51.42-offline-replaced-replaced.zip
Wed, 01 Apr 2020 20:48:24 views.py[line:143] INFO Trying to replace config file.
Wed, 01 Apr 2020 20:48:24 replace_config_file.py[line:103] INFO Replace config.local.js command: copy /Y D:\scripts\git\myweb\myweb\static/files\zhongyou-fans\config.local.js D:\scripts\git\myweb\myweb\static/files\zhongyou-fans\config.local.js
Wed, 01 Apr 2020 20:48:24 views.py[line:145] INFO Trying to zip the directory after replacing config file.
Wed, 01 Apr 2020 20:48:24 replace_config_file.py[line:68] INFO Compress To Zipfile Successfully!
Wed, 01 Apr 2020 20:48:24 views.py[line:147] INFO Replaced config file successfully.
Wed, 01 Apr 2020 20:48:25 views.py[line:161] INFO 需要部署的APP 信息: {'2968': '644', '3076': '887'}
Wed, 01 Apr 2020 20:48:25 deploy_on_light.py[line:109] INFO Will Reuqeuest Interface: https://fs-api.lightyy.com/service/portal/appdiy/offline/query_offline_pkglist
Wed, 01 Apr 2020 20:48:25 deploy_on_light.py[line:110] INFO Augues as follows: 
{'app_id': '2968'}
Wed, 01 Apr 2020 20:48:25 connectionpool.py[line:959] DEBUG Starting new HTTPS connection (1): fs-api.lightyy.com:443
Wed, 01 Apr 2020 20:48:26 connectionpool.py[line:437] DEBUG https://fs-api.lightyy.com:443 "GET /service/portal/appdiy/offline/query_offline_pkglist?app_id=2968 HTTP/1.1" 200 None
Wed, 01 Apr 2020 20:48:26 deploy_on_light.py[line:118] INFO Response: 
{'data': [{'id': 523, 'app_id': 2968, 'h5app_id': 'restrict', 'user_id': 817840189865986, 'name': '限售解禁', 'create_date': '2019-08-05T11:11:29.000Z', 'update_date': '2019-08-05T11:11:29.000Z', 'is_del': 0, 'pkg_type': 1}, {'id': 524, 'app_id': 2968, 'h5app_id': 'note', 'user_id': 817840189865986, 'name': '业绩公告', 'create_date': '2019-08-05T11:55:43.000Z', 'update_date': '2019-08-05T11:55:43.000Z', 'is_del': 0, 'pkg_type': 1}, {'id': 526, 'app_id': 2968, 'h5app_id': 'dividend', 'user_id': 817840189865986, 'name': '分红转送', 'create_date': '2019-08-06T00:50:00.000Z', 'update_date': '2019-08-06T00:50:00.000Z', 'is_del': 0, 'pkg_type': 1}, {'id': 527, 'app_id': 2968, 'h5app_id': 'gqzy', 'user_id': 817840189865986, 'name': '股权质押', 'create_date': '2019-08-06T05:52:09.000Z', 'update_date': '2019-08-06T05:52:09.000Z', 'is_del': 0, 'pkg_type': 1}, {'id': 528, 'app_id': 2968, 'h5app_id': 'dzjy', 'user_id': 817840189865986, 'name': '大宗交易', 'create_date': '2019-08-06T10:26:59.000Z', 'update_date': '2019-08-06T10:26:59.000Z', 'is_del': 0, 'pkg_type': 1}, {'id': 529, 'app_id': 2968, 'h5app_id': 'rzrq', 'user_id': 817840189865986, 'name': '融资融券', 'create_date': '2019-08-06T10:45:13.000Z', 'update_date': '2019-08-06T10:45:13.000Z', 'is_del': 0, 'pkg_type': 1}, {'id': 531, 'app_id': 2968, 'h5app_id': 'guxi', 'user_id': 817840189865986, 'name': '股析', 'create_date': '2019-08-08T00:36:30.000Z', 'update_date': '2019-08-08T00:36:30.000Z', 'is_del': 0, 'pkg_type': 1}, {'id': 532, 'app_id': 2968, 'h5app_id': 'guojia', 'user_id': 817840189865986, 'name': '国家队', 'create_date': '2019-08-08T00:36:56.000Z', 'update_date': '2019-08-08T00:36:56.000Z', 'is_del': 0, 'pkg_type': 1}, {'id': 545, 'app_id': 2968, 'h5app_id': 'fundflow', 'user_id': 817840189865986, 'name': '资金流向h5', 'create_date': '2019-08-14T09:43:55.000Z', 'update_date': '2019-08-14T09:43:55.000Z', 'is_del': 0, 'pkg_type': 1}, {'id': 578, 'app_id': 2968, 'h5app_id': 'stop', 'user_id': 817840189865986, 'name': '停复牌', 'create_date': '2019-08-22T01:59:32.000Z', 'update_date': '2019-08-22T01:59:32.000Z', 'is_del': 0, 'pkg_type': 1}, {'id': 592, 'app_id': 2968, 'h5app_id': 'aftermt', 'user_id': 817840189865986, 'name': '理财商城', 'create_date': '2019-08-27T07:17:29.000Z', 'update_date': '2019-08-27T07:17:29.000Z', 'is_del': 0, 'pkg_type': 1}, {'id': 604, 'app_id': 2968, 'h5app_id': 'zhfx', 'user_id': 817840189865986, 'name': '中邮账户分析', 'create_date': '2019-08-30T08:41:06.000Z', 'update_date': '2019-08-30T08:41:06.000Z', 'is_del': 0, 'pkg_type': 1}, {'id': 644, 'app_id': 2968, 'h5app_id': 'fans', 'user_id': 817840189865986, 'name': '中邮投顾粉丝端', 'create_date': '2019-09-11T06:39:32.000Z', 'update_date': '2019-09-11T06:39:32.000Z', 'is_del': 0, 'pkg_type': 1}, {'id': 677, 'app_id': 2968, 'h5app_id': 'afteropt', 'user_id': 817840189865986, 'name': '盘后行情', 'create_date': '2019-09-19T01:29:54.000Z', 'update_date': '2019-09-19T01:29:54.000Z', 'is_del': 0, 'pkg_type': 1}, {'id': 719, 'app_id': 2968, 'h5app_id': 'autodepl', 'user_id': 817840189865986, 'name': '自动部署测试', 'create_date': '2019-09-30T07:05:15.000Z', 'update_date': '2019-09-30T07:05:15.000Z', 'is_del': 0, 'pkg_type': 1}, {'id': 753, 'app_id': 2968, 'h5app_id': 'htqf', 'user_id': 817840189865986, 'name': '汇通启富我的', 'create_date': '2019-10-25T03:56:07.000Z', 'update_date': '2019-10-25T03:56:07.000Z', 'is_del': 0, 'pkg_type': 1}, {'id': 763, 'app_id': 2968, 'h5app_id': 'sxlc', 'user_id': 817840189865986, 'name': '山西理财商城', 'create_date': '2019-10-28T11:19:18.000Z', 'update_date': '2019-10-28T11:19:18.000Z', 'is_del': 0, 'pkg_type': 1}, {'id': 773, 'app_id': 2968, 'h5app_id': 'fund', 'user_id': 817840189865986, 'name': '基金扫描', 'create_date': '2019-11-04T06:02:33.000Z', 'update_date': '2019-11-04T06:02:33.000Z', 'is_del': 0, 'pkg_type': 1}, {'id': 872, 'app_id': 2968, 'h5app_id': 'sxwdlc', 'user_id': 817840189865986, 'name': '山西证券理财模块', 'create_date': '2019-12-24T02:14:31.000Z', 'update_date': '2019-12-24T02:14:31.000Z', 'is_del': 0, 'pkg_type': 1}, {'id': 936, 'app_id': 2968, 'h5app_id': 'yearbill', 'user_id': 817840189865986, 'name': '中邮年账单', 'create_date': '2020-01-07T02:34:53.000Z', 'update_date': '2020-01-07T02:34:53.000Z', 'is_del': 0, 'pkg_type': 1}, {'id': 1003, 'app_id': 2968, 'h5app_id': 'xgrl', 'user_id': 817840189865986, 'name': '新股日历', 'create_date': '2020-02-19T07:34:33.000Z', 'update_date': '2020-02-19T07:34:33.000Z', 'is_del': 0, 'pkg_type': 1}, {'id': 1025, 'app_id': 2968, 'h5app_id': 'mine', 'user_id': 817840189865986, 'name': '山西我的页面', 'create_date': '2020-02-26T08:36:42.000Z', 'update_date': '2020-02-26T08:36:42.000Z', 'is_del': 0, 'pkg_type': 1}, {'id': 1048, 'app_id': 2968, 'h5app_id': 'gzrl', 'user_id': 817840189865986, 'name': '股转日历', 'create_date': '2020-03-09T05:56:01.000Z', 'update_date': '2020-03-09T05:56:01.000Z', 'is_del': 0, 'pkg_type': 1}, {'id': 1067, 'app_id': 2968, 'h5app_id': 'xzrl', 'user_id': 817840189865986, 'name': '新债日历', 'create_date': '2020-03-14T03:54:44.000Z', 'update_date': '2020-03-14T03:54:44.000Z', 'is_del': 0, 'pkg_type': 1}], 'err_no': 0}
Wed, 01 Apr 2020 20:48:26 views.py[line:168] INFO Update light token[{'Authorization': 'Light 299bd6b073c211ea8383392c9629c3d3'}].
Wed, 01 Apr 2020 20:48:26 deploy_on_light.py[line:109] INFO Will Reuqeuest Interface: https://fs-api.lightyy.com/service/portal/appdiy/offline/query_offline_pkglist
Wed, 01 Apr 2020 20:48:26 deploy_on_light.py[line:110] INFO Augues as follows: 
{'app_id': '3076'}
Wed, 01 Apr 2020 20:48:26 connectionpool.py[line:959] DEBUG Starting new HTTPS connection (1): fs-api.lightyy.com:443
Wed, 01 Apr 2020 20:48:27 connectionpool.py[line:437] DEBUG https://fs-api.lightyy.com:443 "GET /service/portal/appdiy/offline/query_offline_pkglist?app_id=3076 HTTP/1.1" 200 None
Wed, 01 Apr 2020 20:48:27 deploy_on_light.py[line:118] INFO Response: 
{'data': [{'id': 852, 'app_id': 3076, 'h5app_id': 'debt', 'user_id': 817840189865986, 'name': 'debt', 'create_date': '2019-12-16T10:02:55.000Z', 'update_date': '2019-12-16T10:02:55.000Z', 'is_del': 0, 'pkg_type': 1}, {'id': 887, 'app_id': 3076, 'h5app_id': 'fans', 'user_id': 817840189865986, 'name': '中邮智能投顾', 'create_date': '2019-12-26T08:16:27.000Z', 'update_date': '2019-12-26T08:16:27.000Z', 'is_del': 0, 'pkg_type': 1}, {'id': 893, 'app_id': 3076, 'h5app_id': 'sxlc', 'user_id': 817840189865986, 'name': '山西理财商城', 'create_date': '2019-12-27T08:38:07.000Z', 'update_date': '2019-12-27T08:38:07.000Z', 'is_del': 0, 'pkg_type': 1}, {'id': 894, 'app_id': 3076, 'h5app_id': 'sxwdlc', 'user_id': 817840189865986, 'name': '山西我的理财', 'create_date': '2019-12-27T08:38:53.000Z', 'update_date': '2019-12-27T08:38:53.000Z', 'is_del': 0, 'pkg_type': 1}, {'id': 935, 'app_id': 3076, 'h5app_id': 'mine', 'user_id': 817840189865986, 'name': '山西我的页面', 'create_date': '2020-01-07T01:50:30.000Z', 'update_date': '2020-01-07T01:50:30.000Z', 'is_del': 0, 'pkg_type': 1}, {'id': 948, 'app_id': 3076, 'h5app_id': 'yearbill', 'user_id': 817840189865986, 'name': '中邮年度账单', 'create_date': '2020-01-13T02:18:41.000Z', 'update_date': '2020-01-13T02:18:41.000Z', 'is_del': 0, 'pkg_type': 1}, {'id': 1036, 'app_id': 3076, 'h5app_id': 'cwtrans', 'user_id': 817840189865986, 'name': '股转委托系统', 'create_date': '2020-03-02T01:18:51.000Z', 'update_date': '2020-03-02T01:18:51.000Z', 'is_del': 0, 'pkg_type': 1}, {'id': 1037, 'app_id': 3076, 'h5app_id': 'cwipo', 'user_id': 817840189865986, 'name': '打新神器', 'create_date': '2020-03-02T07:32:02.000Z', 'update_date': '2020-03-02T07:32:02.000Z', 'is_del': 0, 'pkg_type': 1}, {'id': 1055, 'app_id': 3076, 'h5app_id': 'zjkp', 'user_id': 817840189865986, 'name': '资金看盘', 'create_date': '2020-03-12T06:44:00.000Z', 'update_date': '2020-03-12T06:44:00.000Z', 'is_del': 0, 'pkg_type': 1}, {'id': 1056, 'app_id': 3076, 'h5app_id': 'dptp', 'user_id': 817840189865986, 'name': '大盘图谱', 'create_date': '2020-03-12T06:45:15.000Z', 'update_date': '2020-03-12T06:45:15.000Z', 'is_del': 0, 'pkg_type': 1}, {'id': 1081, 'app_id': 3076, 'h5app_id': 'cwaht', 'user_id': 817840189865986, 'name': '盘后交易', 'create_date': '2020-03-24T00:48:37.000Z', 'update_date': '2020-03-24T00:48:37.000Z', 'is_del': 0, 'pkg_type': 1}, {'id': 1082, 'app_id': 3076, 'h5app_id': 'cwcvt', 'user_id': 817840189865986, 'name': '转股回售', 'create_date': '2020-03-24T01:49:19.000Z', 'update_date': '2020-03-24T01:49:19.000Z', 'is_del': 0, 'pkg_type': 1}, {'id': 1083, 'app_id': 3076, 'h5app_id': 'cwvote', 'user_id': 817840189865986, 'name': '网络投票', 'create_date': '2020-03-24T02:33:05.000Z', 'update_date': '2020-03-24T02:33:05.000Z', 'is_del': 0, 'pkg_type': 1}], 'err_no': 0}
Wed, 01 Apr 2020 20:48:27 views.py[line:168] INFO Update light token[{'Authorization': 'Light 299bd6b073c211ea8383392c9629c3d3'}].
Wed, 01 Apr 2020 20:48:27 views.py[line:175] INFO Deploy SVN30137-h5-fans-cnpsec-20200331-13.51.42-offline-replaced.zip on app zhongyou-fans Successfully.
Wed, 01 Apr 2020 20:54:46 views.py[line:99] INFO Input pkg_token: JSESSIONID=FDF44865889AC6CE70D963446BA7431B;
Wed, 01 Apr 2020 20:54:46 views.py[line:100] INFO Input light_token:Light 299bd6b073c211ea8383392c9629c3d3
Wed, 01 Apr 2020 20:54:46 views.py[line:110] INFO Upload File[D:\scripts\git\myweb\myweb\static/files\SVN30137-h5-fans-cnpsec-20200331-13.51.42-offline-replaced.zip] Successfully.
Wed, 01 Apr 2020 20:54:46 views.py[line:137] INFO Trying to replace config file.
Wed, 01 Apr 2020 20:54:46 views.py[line:140] DEBUG Trying to unzip download zip file[D:\scripts\git\myweb\myweb\static/files\SVN30137-h5-fans-cnpsec-20200331-13.51.42-offline-replaced.zip].
Wed, 01 Apr 2020 20:54:46 replace_config_file.py[line:22] INFO Into Replace.unzip_file...
Wed, 01 Apr 2020 20:54:46 replace_config_file.py[line:29] INFO The zipfile[D:\scripts\git\myweb\myweb\static/files\SVN30137-h5-fans-cnpsec-20200331-13.51.42-offline-replaced.zip] can be recoginized as a zipfile.
Wed, 01 Apr 2020 20:54:46 replace_config_file.py[line:91] INFO Clean Command: rd /s /q D:\scripts\git\myweb\myweb\static/files\SVN30137-h5-fans-cnpsec-20200331-13.51.42-offline-replaced
Wed, 01 Apr 2020 20:54:48 replace_config_file.py[line:39] INFO Unzip file[SVN30137-h5-fans-cnpsec-20200331-13.51.42-offline-replaced.zip] Successfully!
Wed, 01 Apr 2020 20:54:48 views.py[line:142] DEBUG src_dir is D:\scripts\git\myweb\myweb\static/files\SVN30137-h5-fans-cnpsec-20200331-13.51.42-offline-replaced, dest_dir is D:\scripts\git\myweb\myweb\static/files, file_name is D:\scripts\git\myweb\myweb\static/files\SVN30137-h5-fans-cnpsec-20200331-13.51.42-offline-replaced-replaced.zip
Wed, 01 Apr 2020 20:54:48 views.py[line:143] INFO Trying to replace config file.
Wed, 01 Apr 2020 20:54:48 replace_config_file.py[line:103] INFO Replace config.local.js command: copy /Y D:\scripts\git\myweb\myweb\static/files\zhongyou-fans\config.local.js D:\scripts\git\myweb\myweb\static/files\zhongyou-fans\config.local.js
Wed, 01 Apr 2020 20:54:49 views.py[line:145] INFO Trying to zip the directory after replacing config file.
Wed, 01 Apr 2020 20:54:49 replace_config_file.py[line:68] INFO Compress To Zipfile Successfully!
Wed, 01 Apr 2020 20:54:49 views.py[line:147] INFO Replaced config file successfully.
Wed, 01 Apr 2020 20:54:49 views.py[line:161] INFO 需要部署的APP 信息: {'2968': '644', '3076': '887'}
Wed, 01 Apr 2020 20:54:49 deploy_on_light.py[line:109] INFO Will Reuqeuest Interface: https://fs-api.lightyy.com/service/portal/appdiy/offline/query_offline_pkglist
Wed, 01 Apr 2020 20:54:49 deploy_on_light.py[line:110] INFO Augues as follows: 
{'app_id': '2968'}
Wed, 01 Apr 2020 20:54:49 connectionpool.py[line:959] DEBUG Starting new HTTPS connection (1): fs-api.lightyy.com:443
Wed, 01 Apr 2020 20:54:51 connectionpool.py[line:437] DEBUG https://fs-api.lightyy.com:443 "GET /service/portal/appdiy/offline/query_offline_pkglist?app_id=2968 HTTP/1.1" 200 None
Wed, 01 Apr 2020 20:54:51 deploy_on_light.py[line:118] INFO Response: 
{'data': [{'id': 523, 'app_id': 2968, 'h5app_id': 'restrict', 'user_id': 817840189865986, 'name': '限售解禁', 'create_date': '2019-08-05T11:11:29.000Z', 'update_date': '2019-08-05T11:11:29.000Z', 'is_del': 0, 'pkg_type': 1}, {'id': 524, 'app_id': 2968, 'h5app_id': 'note', 'user_id': 817840189865986, 'name': '业绩公告', 'create_date': '2019-08-05T11:55:43.000Z', 'update_date': '2019-08-05T11:55:43.000Z', 'is_del': 0, 'pkg_type': 1}, {'id': 526, 'app_id': 2968, 'h5app_id': 'dividend', 'user_id': 817840189865986, 'name': '分红转送', 'create_date': '2019-08-06T00:50:00.000Z', 'update_date': '2019-08-06T00:50:00.000Z', 'is_del': 0, 'pkg_type': 1}, {'id': 527, 'app_id': 2968, 'h5app_id': 'gqzy', 'user_id': 817840189865986, 'name': '股权质押', 'create_date': '2019-08-06T05:52:09.000Z', 'update_date': '2019-08-06T05:52:09.000Z', 'is_del': 0, 'pkg_type': 1}, {'id': 528, 'app_id': 2968, 'h5app_id': 'dzjy', 'user_id': 817840189865986, 'name': '大宗交易', 'create_date': '2019-08-06T10:26:59.000Z', 'update_date': '2019-08-06T10:26:59.000Z', 'is_del': 0, 'pkg_type': 1}, {'id': 529, 'app_id': 2968, 'h5app_id': 'rzrq', 'user_id': 817840189865986, 'name': '融资融券', 'create_date': '2019-08-06T10:45:13.000Z', 'update_date': '2019-08-06T10:45:13.000Z', 'is_del': 0, 'pkg_type': 1}, {'id': 531, 'app_id': 2968, 'h5app_id': 'guxi', 'user_id': 817840189865986, 'name': '股析', 'create_date': '2019-08-08T00:36:30.000Z', 'update_date': '2019-08-08T00:36:30.000Z', 'is_del': 0, 'pkg_type': 1}, {'id': 532, 'app_id': 2968, 'h5app_id': 'guojia', 'user_id': 817840189865986, 'name': '国家队', 'create_date': '2019-08-08T00:36:56.000Z', 'update_date': '2019-08-08T00:36:56.000Z', 'is_del': 0, 'pkg_type': 1}, {'id': 545, 'app_id': 2968, 'h5app_id': 'fundflow', 'user_id': 817840189865986, 'name': '资金流向h5', 'create_date': '2019-08-14T09:43:55.000Z', 'update_date': '2019-08-14T09:43:55.000Z', 'is_del': 0, 'pkg_type': 1}, {'id': 578, 'app_id': 2968, 'h5app_id': 'stop', 'user_id': 817840189865986, 'name': '停复牌', 'create_date': '2019-08-22T01:59:32.000Z', 'update_date': '2019-08-22T01:59:32.000Z', 'is_del': 0, 'pkg_type': 1}, {'id': 592, 'app_id': 2968, 'h5app_id': 'aftermt', 'user_id': 817840189865986, 'name': '理财商城', 'create_date': '2019-08-27T07:17:29.000Z', 'update_date': '2019-08-27T07:17:29.000Z', 'is_del': 0, 'pkg_type': 1}, {'id': 604, 'app_id': 2968, 'h5app_id': 'zhfx', 'user_id': 817840189865986, 'name': '中邮账户分析', 'create_date': '2019-08-30T08:41:06.000Z', 'update_date': '2019-08-30T08:41:06.000Z', 'is_del': 0, 'pkg_type': 1}, {'id': 644, 'app_id': 2968, 'h5app_id': 'fans', 'user_id': 817840189865986, 'name': '中邮投顾粉丝端', 'create_date': '2019-09-11T06:39:32.000Z', 'update_date': '2019-09-11T06:39:32.000Z', 'is_del': 0, 'pkg_type': 1}, {'id': 677, 'app_id': 2968, 'h5app_id': 'afteropt', 'user_id': 817840189865986, 'name': '盘后行情', 'create_date': '2019-09-19T01:29:54.000Z', 'update_date': '2019-09-19T01:29:54.000Z', 'is_del': 0, 'pkg_type': 1}, {'id': 719, 'app_id': 2968, 'h5app_id': 'autodepl', 'user_id': 817840189865986, 'name': '自动部署测试', 'create_date': '2019-09-30T07:05:15.000Z', 'update_date': '2019-09-30T07:05:15.000Z', 'is_del': 0, 'pkg_type': 1}, {'id': 753, 'app_id': 2968, 'h5app_id': 'htqf', 'user_id': 817840189865986, 'name': '汇通启富我的', 'create_date': '2019-10-25T03:56:07.000Z', 'update_date': '2019-10-25T03:56:07.000Z', 'is_del': 0, 'pkg_type': 1}, {'id': 763, 'app_id': 2968, 'h5app_id': 'sxlc', 'user_id': 817840189865986, 'name': '山西理财商城', 'create_date': '2019-10-28T11:19:18.000Z', 'update_date': '2019-10-28T11:19:18.000Z', 'is_del': 0, 'pkg_type': 1}, {'id': 773, 'app_id': 2968, 'h5app_id': 'fund', 'user_id': 817840189865986, 'name': '基金扫描', 'create_date': '2019-11-04T06:02:33.000Z', 'update_date': '2019-11-04T06:02:33.000Z', 'is_del': 0, 'pkg_type': 1}, {'id': 872, 'app_id': 2968, 'h5app_id': 'sxwdlc', 'user_id': 817840189865986, 'name': '山西证券理财模块', 'create_date': '2019-12-24T02:14:31.000Z', 'update_date': '2019-12-24T02:14:31.000Z', 'is_del': 0, 'pkg_type': 1}, {'id': 936, 'app_id': 2968, 'h5app_id': 'yearbill', 'user_id': 817840189865986, 'name': '中邮年账单', 'create_date': '2020-01-07T02:34:53.000Z', 'update_date': '2020-01-07T02:34:53.000Z', 'is_del': 0, 'pkg_type': 1}, {'id': 1003, 'app_id': 2968, 'h5app_id': 'xgrl', 'user_id': 817840189865986, 'name': '新股日历', 'create_date': '2020-02-19T07:34:33.000Z', 'update_date': '2020-02-19T07:34:33.000Z', 'is_del': 0, 'pkg_type': 1}, {'id': 1025, 'app_id': 2968, 'h5app_id': 'mine', 'user_id': 817840189865986, 'name': '山西我的页面', 'create_date': '2020-02-26T08:36:42.000Z', 'update_date': '2020-02-26T08:36:42.000Z', 'is_del': 0, 'pkg_type': 1}, {'id': 1048, 'app_id': 2968, 'h5app_id': 'gzrl', 'user_id': 817840189865986, 'name': '股转日历', 'create_date': '2020-03-09T05:56:01.000Z', 'update_date': '2020-03-09T05:56:01.000Z', 'is_del': 0, 'pkg_type': 1}, {'id': 1067, 'app_id': 2968, 'h5app_id': 'xzrl', 'user_id': 817840189865986, 'name': '新债日历', 'create_date': '2020-03-14T03:54:44.000Z', 'update_date': '2020-03-14T03:54:44.000Z', 'is_del': 0, 'pkg_type': 1}], 'err_no': 0}
Wed, 01 Apr 2020 20:54:51 deploy_on_light.py[line:154] INFO Type of get_id[<class 'int'>], type of input_id[644].
Wed, 01 Apr 2020 20:54:51 views.py[line:168] INFO Update light token[{'Authorization': 'Light 299bd6b073c211ea8383392c9629c3d3'}].
Wed, 01 Apr 2020 20:54:51 deploy_on_light.py[line:109] INFO Will Reuqeuest Interface: https://fs-api.lightyy.com/service/portal/appdiy/offline/query_offline_pkglist
Wed, 01 Apr 2020 20:54:51 deploy_on_light.py[line:110] INFO Augues as follows: 
{'app_id': '3076'}
Wed, 01 Apr 2020 20:54:51 connectionpool.py[line:959] DEBUG Starting new HTTPS connection (1): fs-api.lightyy.com:443
Wed, 01 Apr 2020 20:54:51 connectionpool.py[line:437] DEBUG https://fs-api.lightyy.com:443 "GET /service/portal/appdiy/offline/query_offline_pkglist?app_id=3076 HTTP/1.1" 200 None
Wed, 01 Apr 2020 20:54:51 deploy_on_light.py[line:118] INFO Response: 
{'data': [{'id': 852, 'app_id': 3076, 'h5app_id': 'debt', 'user_id': 817840189865986, 'name': 'debt', 'create_date': '2019-12-16T10:02:55.000Z', 'update_date': '2019-12-16T10:02:55.000Z', 'is_del': 0, 'pkg_type': 1}, {'id': 887, 'app_id': 3076, 'h5app_id': 'fans', 'user_id': 817840189865986, 'name': '中邮智能投顾', 'create_date': '2019-12-26T08:16:27.000Z', 'update_date': '2019-12-26T08:16:27.000Z', 'is_del': 0, 'pkg_type': 1}, {'id': 893, 'app_id': 3076, 'h5app_id': 'sxlc', 'user_id': 817840189865986, 'name': '山西理财商城', 'create_date': '2019-12-27T08:38:07.000Z', 'update_date': '2019-12-27T08:38:07.000Z', 'is_del': 0, 'pkg_type': 1}, {'id': 894, 'app_id': 3076, 'h5app_id': 'sxwdlc', 'user_id': 817840189865986, 'name': '山西我的理财', 'create_date': '2019-12-27T08:38:53.000Z', 'update_date': '2019-12-27T08:38:53.000Z', 'is_del': 0, 'pkg_type': 1}, {'id': 935, 'app_id': 3076, 'h5app_id': 'mine', 'user_id': 817840189865986, 'name': '山西我的页面', 'create_date': '2020-01-07T01:50:30.000Z', 'update_date': '2020-01-07T01:50:30.000Z', 'is_del': 0, 'pkg_type': 1}, {'id': 948, 'app_id': 3076, 'h5app_id': 'yearbill', 'user_id': 817840189865986, 'name': '中邮年度账单', 'create_date': '2020-01-13T02:18:41.000Z', 'update_date': '2020-01-13T02:18:41.000Z', 'is_del': 0, 'pkg_type': 1}, {'id': 1036, 'app_id': 3076, 'h5app_id': 'cwtrans', 'user_id': 817840189865986, 'name': '股转委托系统', 'create_date': '2020-03-02T01:18:51.000Z', 'update_date': '2020-03-02T01:18:51.000Z', 'is_del': 0, 'pkg_type': 1}, {'id': 1037, 'app_id': 3076, 'h5app_id': 'cwipo', 'user_id': 817840189865986, 'name': '打新神器', 'create_date': '2020-03-02T07:32:02.000Z', 'update_date': '2020-03-02T07:32:02.000Z', 'is_del': 0, 'pkg_type': 1}, {'id': 1055, 'app_id': 3076, 'h5app_id': 'zjkp', 'user_id': 817840189865986, 'name': '资金看盘', 'create_date': '2020-03-12T06:44:00.000Z', 'update_date': '2020-03-12T06:44:00.000Z', 'is_del': 0, 'pkg_type': 1}, {'id': 1056, 'app_id': 3076, 'h5app_id': 'dptp', 'user_id': 817840189865986, 'name': '大盘图谱', 'create_date': '2020-03-12T06:45:15.000Z', 'update_date': '2020-03-12T06:45:15.000Z', 'is_del': 0, 'pkg_type': 1}, {'id': 1081, 'app_id': 3076, 'h5app_id': 'cwaht', 'user_id': 817840189865986, 'name': '盘后交易', 'create_date': '2020-03-24T00:48:37.000Z', 'update_date': '2020-03-24T00:48:37.000Z', 'is_del': 0, 'pkg_type': 1}, {'id': 1082, 'app_id': 3076, 'h5app_id': 'cwcvt', 'user_id': 817840189865986, 'name': '转股回售', 'create_date': '2020-03-24T01:49:19.000Z', 'update_date': '2020-03-24T01:49:19.000Z', 'is_del': 0, 'pkg_type': 1}, {'id': 1083, 'app_id': 3076, 'h5app_id': 'cwvote', 'user_id': 817840189865986, 'name': '网络投票', 'create_date': '2020-03-24T02:33:05.000Z', 'update_date': '2020-03-24T02:33:05.000Z', 'is_del': 0, 'pkg_type': 1}], 'err_no': 0}
Wed, 01 Apr 2020 20:54:52 deploy_on_light.py[line:154] INFO Type of get_id[<class 'int'>], type of input_id[887].
Wed, 01 Apr 2020 20:54:52 views.py[line:168] INFO Update light token[{'Authorization': 'Light 299bd6b073c211ea8383392c9629c3d3'}].
Wed, 01 Apr 2020 20:54:52 views.py[line:175] INFO Deploy SVN30137-h5-fans-cnpsec-20200331-13.51.42-offline-replaced.zip on app zhongyou-fans Successfully.
Wed, 01 Apr 2020 20:58:12 views.py[line:99] INFO Input pkg_token: JSESSIONID=FDF44865889AC6CE70D963446BA7431B;
Wed, 01 Apr 2020 20:58:12 views.py[line:100] INFO Input light_token:Light 299bd6b073c211ea8383392c9629c3d3
Wed, 01 Apr 2020 20:58:12 views.py[line:110] INFO Upload File[D:\scripts\git\myweb\myweb\static/files\SVN30137-h5-fans-cnpsec-20200331-13.51.42-offline-replaced.zip] Successfully.
Wed, 01 Apr 2020 20:58:12 views.py[line:137] INFO Trying to replace config file.
Wed, 01 Apr 2020 20:58:12 views.py[line:140] DEBUG Trying to unzip download zip file[D:\scripts\git\myweb\myweb\static/files\SVN30137-h5-fans-cnpsec-20200331-13.51.42-offline-replaced.zip].
Wed, 01 Apr 2020 20:58:12 replace_config_file.py[line:22] INFO Into Replace.unzip_file...
Wed, 01 Apr 2020 20:58:12 replace_config_file.py[line:29] INFO The zipfile[D:\scripts\git\myweb\myweb\static/files\SVN30137-h5-fans-cnpsec-20200331-13.51.42-offline-replaced.zip] can be recoginized as a zipfile.
Wed, 01 Apr 2020 20:58:12 replace_config_file.py[line:91] INFO Clean Command: rd /s /q D:\scripts\git\myweb\myweb\static/files\SVN30137-h5-fans-cnpsec-20200331-13.51.42-offline-replaced
Wed, 01 Apr 2020 20:58:14 replace_config_file.py[line:39] INFO Unzip file[SVN30137-h5-fans-cnpsec-20200331-13.51.42-offline-replaced.zip] Successfully!
Wed, 01 Apr 2020 20:58:14 views.py[line:142] DEBUG src_dir is D:\scripts\git\myweb\myweb\static/files\SVN30137-h5-fans-cnpsec-20200331-13.51.42-offline-replaced, dest_dir is D:\scripts\git\myweb\myweb\static/files, file_name is D:\scripts\git\myweb\myweb\static/files\SVN30137-h5-fans-cnpsec-20200331-13.51.42-offline-replaced-replaced.zip
Wed, 01 Apr 2020 20:58:14 views.py[line:143] INFO Trying to replace config file.
Wed, 01 Apr 2020 20:58:14 replace_config_file.py[line:103] INFO Replace config.local.js command: copy /Y D:\scripts\git\myweb\myweb\static/files\zhongyou-fans\config.local.js D:\scripts\git\myweb\myweb\static/files\zhongyou-fans\config.local.js
Wed, 01 Apr 2020 20:58:15 views.py[line:145] INFO Trying to zip the directory after replacing config file.
Wed, 01 Apr 2020 20:58:15 replace_config_file.py[line:68] INFO Compress To Zipfile Successfully!
Wed, 01 Apr 2020 20:58:15 views.py[line:147] INFO Replaced config file successfully.
Wed, 01 Apr 2020 20:58:15 views.py[line:161] INFO 需要部署的APP 信息: {'2968': '644', '3076': '887'}
Wed, 01 Apr 2020 20:58:15 deploy_on_light.py[line:109] INFO Will Reuqeuest Interface: https://fs-api.lightyy.com/service/portal/appdiy/offline/query_offline_pkglist
Wed, 01 Apr 2020 20:58:15 deploy_on_light.py[line:110] INFO Augues as follows: 
{'app_id': '2968'}
Wed, 01 Apr 2020 20:58:15 connectionpool.py[line:959] DEBUG Starting new HTTPS connection (1): fs-api.lightyy.com:443
Wed, 01 Apr 2020 20:58:17 connectionpool.py[line:437] DEBUG https://fs-api.lightyy.com:443 "GET /service/portal/appdiy/offline/query_offline_pkglist?app_id=2968 HTTP/1.1" 200 None
Wed, 01 Apr 2020 20:58:17 deploy_on_light.py[line:118] INFO Response: 
{'data': [{'id': 523, 'app_id': 2968, 'h5app_id': 'restrict', 'user_id': 817840189865986, 'name': '限售解禁', 'create_date': '2019-08-05T11:11:29.000Z', 'update_date': '2019-08-05T11:11:29.000Z', 'is_del': 0, 'pkg_type': 1}, {'id': 524, 'app_id': 2968, 'h5app_id': 'note', 'user_id': 817840189865986, 'name': '业绩公告', 'create_date': '2019-08-05T11:55:43.000Z', 'update_date': '2019-08-05T11:55:43.000Z', 'is_del': 0, 'pkg_type': 1}, {'id': 526, 'app_id': 2968, 'h5app_id': 'dividend', 'user_id': 817840189865986, 'name': '分红转送', 'create_date': '2019-08-06T00:50:00.000Z', 'update_date': '2019-08-06T00:50:00.000Z', 'is_del': 0, 'pkg_type': 1}, {'id': 527, 'app_id': 2968, 'h5app_id': 'gqzy', 'user_id': 817840189865986, 'name': '股权质押', 'create_date': '2019-08-06T05:52:09.000Z', 'update_date': '2019-08-06T05:52:09.000Z', 'is_del': 0, 'pkg_type': 1}, {'id': 528, 'app_id': 2968, 'h5app_id': 'dzjy', 'user_id': 817840189865986, 'name': '大宗交易', 'create_date': '2019-08-06T10:26:59.000Z', 'update_date': '2019-08-06T10:26:59.000Z', 'is_del': 0, 'pkg_type': 1}, {'id': 529, 'app_id': 2968, 'h5app_id': 'rzrq', 'user_id': 817840189865986, 'name': '融资融券', 'create_date': '2019-08-06T10:45:13.000Z', 'update_date': '2019-08-06T10:45:13.000Z', 'is_del': 0, 'pkg_type': 1}, {'id': 531, 'app_id': 2968, 'h5app_id': 'guxi', 'user_id': 817840189865986, 'name': '股析', 'create_date': '2019-08-08T00:36:30.000Z', 'update_date': '2019-08-08T00:36:30.000Z', 'is_del': 0, 'pkg_type': 1}, {'id': 532, 'app_id': 2968, 'h5app_id': 'guojia', 'user_id': 817840189865986, 'name': '国家队', 'create_date': '2019-08-08T00:36:56.000Z', 'update_date': '2019-08-08T00:36:56.000Z', 'is_del': 0, 'pkg_type': 1}, {'id': 545, 'app_id': 2968, 'h5app_id': 'fundflow', 'user_id': 817840189865986, 'name': '资金流向h5', 'create_date': '2019-08-14T09:43:55.000Z', 'update_date': '2019-08-14T09:43:55.000Z', 'is_del': 0, 'pkg_type': 1}, {'id': 578, 'app_id': 2968, 'h5app_id': 'stop', 'user_id': 817840189865986, 'name': '停复牌', 'create_date': '2019-08-22T01:59:32.000Z', 'update_date': '2019-08-22T01:59:32.000Z', 'is_del': 0, 'pkg_type': 1}, {'id': 592, 'app_id': 2968, 'h5app_id': 'aftermt', 'user_id': 817840189865986, 'name': '理财商城', 'create_date': '2019-08-27T07:17:29.000Z', 'update_date': '2019-08-27T07:17:29.000Z', 'is_del': 0, 'pkg_type': 1}, {'id': 604, 'app_id': 2968, 'h5app_id': 'zhfx', 'user_id': 817840189865986, 'name': '中邮账户分析', 'create_date': '2019-08-30T08:41:06.000Z', 'update_date': '2019-08-30T08:41:06.000Z', 'is_del': 0, 'pkg_type': 1}, {'id': 644, 'app_id': 2968, 'h5app_id': 'fans', 'user_id': 817840189865986, 'name': '中邮投顾粉丝端', 'create_date': '2019-09-11T06:39:32.000Z', 'update_date': '2019-09-11T06:39:32.000Z', 'is_del': 0, 'pkg_type': 1}, {'id': 677, 'app_id': 2968, 'h5app_id': 'afteropt', 'user_id': 817840189865986, 'name': '盘后行情', 'create_date': '2019-09-19T01:29:54.000Z', 'update_date': '2019-09-19T01:29:54.000Z', 'is_del': 0, 'pkg_type': 1}, {'id': 719, 'app_id': 2968, 'h5app_id': 'autodepl', 'user_id': 817840189865986, 'name': '自动部署测试', 'create_date': '2019-09-30T07:05:15.000Z', 'update_date': '2019-09-30T07:05:15.000Z', 'is_del': 0, 'pkg_type': 1}, {'id': 753, 'app_id': 2968, 'h5app_id': 'htqf', 'user_id': 817840189865986, 'name': '汇通启富我的', 'create_date': '2019-10-25T03:56:07.000Z', 'update_date': '2019-10-25T03:56:07.000Z', 'is_del': 0, 'pkg_type': 1}, {'id': 763, 'app_id': 2968, 'h5app_id': 'sxlc', 'user_id': 817840189865986, 'name': '山西理财商城', 'create_date': '2019-10-28T11:19:18.000Z', 'update_date': '2019-10-28T11:19:18.000Z', 'is_del': 0, 'pkg_type': 1}, {'id': 773, 'app_id': 2968, 'h5app_id': 'fund', 'user_id': 817840189865986, 'name': '基金扫描', 'create_date': '2019-11-04T06:02:33.000Z', 'update_date': '2019-11-04T06:02:33.000Z', 'is_del': 0, 'pkg_type': 1}, {'id': 872, 'app_id': 2968, 'h5app_id': 'sxwdlc', 'user_id': 817840189865986, 'name': '山西证券理财模块', 'create_date': '2019-12-24T02:14:31.000Z', 'update_date': '2019-12-24T02:14:31.000Z', 'is_del': 0, 'pkg_type': 1}, {'id': 936, 'app_id': 2968, 'h5app_id': 'yearbill', 'user_id': 817840189865986, 'name': '中邮年账单', 'create_date': '2020-01-07T02:34:53.000Z', 'update_date': '2020-01-07T02:34:53.000Z', 'is_del': 0, 'pkg_type': 1}, {'id': 1003, 'app_id': 2968, 'h5app_id': 'xgrl', 'user_id': 817840189865986, 'name': '新股日历', 'create_date': '2020-02-19T07:34:33.000Z', 'update_date': '2020-02-19T07:34:33.000Z', 'is_del': 0, 'pkg_type': 1}, {'id': 1025, 'app_id': 2968, 'h5app_id': 'mine', 'user_id': 817840189865986, 'name': '山西我的页面', 'create_date': '2020-02-26T08:36:42.000Z', 'update_date': '2020-02-26T08:36:42.000Z', 'is_del': 0, 'pkg_type': 1}, {'id': 1048, 'app_id': 2968, 'h5app_id': 'gzrl', 'user_id': 817840189865986, 'name': '股转日历', 'create_date': '2020-03-09T05:56:01.000Z', 'update_date': '2020-03-09T05:56:01.000Z', 'is_del': 0, 'pkg_type': 1}, {'id': 1067, 'app_id': 2968, 'h5app_id': 'xzrl', 'user_id': 817840189865986, 'name': '新债日历', 'create_date': '2020-03-14T03:54:44.000Z', 'update_date': '2020-03-14T03:54:44.000Z', 'is_del': 0, 'pkg_type': 1}], 'err_no': 0}
Wed, 01 Apr 2020 20:58:17 deploy_on_light.py[line:154] INFO Type of get_id[<class 'int'>].
Wed, 01 Apr 2020 20:58:17 deploy_on_light.py[line:155] INFO pkg_id via component.get(id) is: [523]
Wed, 01 Apr 2020 20:58:17 views.py[line:168] INFO Update light token[{'Authorization': 'Light 299bd6b073c211ea8383392c9629c3d3'}].
Wed, 01 Apr 2020 20:58:17 deploy_on_light.py[line:109] INFO Will Reuqeuest Interface: https://fs-api.lightyy.com/service/portal/appdiy/offline/query_offline_pkglist
Wed, 01 Apr 2020 20:58:17 deploy_on_light.py[line:110] INFO Augues as follows: 
{'app_id': '3076'}
Wed, 01 Apr 2020 20:58:17 connectionpool.py[line:959] DEBUG Starting new HTTPS connection (1): fs-api.lightyy.com:443
Wed, 01 Apr 2020 20:58:17 connectionpool.py[line:437] DEBUG https://fs-api.lightyy.com:443 "GET /service/portal/appdiy/offline/query_offline_pkglist?app_id=3076 HTTP/1.1" 200 None
Wed, 01 Apr 2020 20:58:17 deploy_on_light.py[line:118] INFO Response: 
{'data': [{'id': 852, 'app_id': 3076, 'h5app_id': 'debt', 'user_id': 817840189865986, 'name': 'debt', 'create_date': '2019-12-16T10:02:55.000Z', 'update_date': '2019-12-16T10:02:55.000Z', 'is_del': 0, 'pkg_type': 1}, {'id': 887, 'app_id': 3076, 'h5app_id': 'fans', 'user_id': 817840189865986, 'name': '中邮智能投顾', 'create_date': '2019-12-26T08:16:27.000Z', 'update_date': '2019-12-26T08:16:27.000Z', 'is_del': 0, 'pkg_type': 1}, {'id': 893, 'app_id': 3076, 'h5app_id': 'sxlc', 'user_id': 817840189865986, 'name': '山西理财商城', 'create_date': '2019-12-27T08:38:07.000Z', 'update_date': '2019-12-27T08:38:07.000Z', 'is_del': 0, 'pkg_type': 1}, {'id': 894, 'app_id': 3076, 'h5app_id': 'sxwdlc', 'user_id': 817840189865986, 'name': '山西我的理财', 'create_date': '2019-12-27T08:38:53.000Z', 'update_date': '2019-12-27T08:38:53.000Z', 'is_del': 0, 'pkg_type': 1}, {'id': 935, 'app_id': 3076, 'h5app_id': 'mine', 'user_id': 817840189865986, 'name': '山西我的页面', 'create_date': '2020-01-07T01:50:30.000Z', 'update_date': '2020-01-07T01:50:30.000Z', 'is_del': 0, 'pkg_type': 1}, {'id': 948, 'app_id': 3076, 'h5app_id': 'yearbill', 'user_id': 817840189865986, 'name': '中邮年度账单', 'create_date': '2020-01-13T02:18:41.000Z', 'update_date': '2020-01-13T02:18:41.000Z', 'is_del': 0, 'pkg_type': 1}, {'id': 1036, 'app_id': 3076, 'h5app_id': 'cwtrans', 'user_id': 817840189865986, 'name': '股转委托系统', 'create_date': '2020-03-02T01:18:51.000Z', 'update_date': '2020-03-02T01:18:51.000Z', 'is_del': 0, 'pkg_type': 1}, {'id': 1037, 'app_id': 3076, 'h5app_id': 'cwipo', 'user_id': 817840189865986, 'name': '打新神器', 'create_date': '2020-03-02T07:32:02.000Z', 'update_date': '2020-03-02T07:32:02.000Z', 'is_del': 0, 'pkg_type': 1}, {'id': 1055, 'app_id': 3076, 'h5app_id': 'zjkp', 'user_id': 817840189865986, 'name': '资金看盘', 'create_date': '2020-03-12T06:44:00.000Z', 'update_date': '2020-03-12T06:44:00.000Z', 'is_del': 0, 'pkg_type': 1}, {'id': 1056, 'app_id': 3076, 'h5app_id': 'dptp', 'user_id': 817840189865986, 'name': '大盘图谱', 'create_date': '2020-03-12T06:45:15.000Z', 'update_date': '2020-03-12T06:45:15.000Z', 'is_del': 0, 'pkg_type': 1}, {'id': 1081, 'app_id': 3076, 'h5app_id': 'cwaht', 'user_id': 817840189865986, 'name': '盘后交易', 'create_date': '2020-03-24T00:48:37.000Z', 'update_date': '2020-03-24T00:48:37.000Z', 'is_del': 0, 'pkg_type': 1}, {'id': 1082, 'app_id': 3076, 'h5app_id': 'cwcvt', 'user_id': 817840189865986, 'name': '转股回售', 'create_date': '2020-03-24T01:49:19.000Z', 'update_date': '2020-03-24T01:49:19.000Z', 'is_del': 0, 'pkg_type': 1}, {'id': 1083, 'app_id': 3076, 'h5app_id': 'cwvote', 'user_id': 817840189865986, 'name': '网络投票', 'create_date': '2020-03-24T02:33:05.000Z', 'update_date': '2020-03-24T02:33:05.000Z', 'is_del': 0, 'pkg_type': 1}], 'err_no': 0}
Wed, 01 Apr 2020 20:58:18 deploy_on_light.py[line:154] INFO Type of get_id[<class 'int'>].
Wed, 01 Apr 2020 20:58:18 deploy_on_light.py[line:155] INFO pkg_id via component.get(id) is: [852]
Wed, 01 Apr 2020 20:58:18 views.py[line:168] INFO Update light token[{'Authorization': 'Light 299bd6b073c211ea8383392c9629c3d3'}].
Wed, 01 Apr 2020 20:58:18 views.py[line:175] INFO Deploy SVN30137-h5-fans-cnpsec-20200331-13.51.42-offline-replaced.zip on app zhongyou-fans Successfully.
Wed, 01 Apr 2020 20:59:46 views.py[line:99] INFO Input pkg_token: JSESSIONID=FDF44865889AC6CE70D963446BA7431B;
Wed, 01 Apr 2020 20:59:46 views.py[line:100] INFO Input light_token:Light 299bd6b073c211ea8383392c9629c3d3
Wed, 01 Apr 2020 20:59:46 views.py[line:110] INFO Upload File[D:\scripts\git\myweb\myweb\static/files\SVN30137-h5-fans-cnpsec-20200331-13.51.42-offline-replaced.zip] Successfully.
Wed, 01 Apr 2020 20:59:46 views.py[line:137] INFO Trying to replace config file.
Wed, 01 Apr 2020 20:59:46 views.py[line:140] DEBUG Trying to unzip download zip file[D:\scripts\git\myweb\myweb\static/files\SVN30137-h5-fans-cnpsec-20200331-13.51.42-offline-replaced.zip].
Wed, 01 Apr 2020 20:59:46 replace_config_file.py[line:22] INFO Into Replace.unzip_file...
Wed, 01 Apr 2020 20:59:46 replace_config_file.py[line:29] INFO The zipfile[D:\scripts\git\myweb\myweb\static/files\SVN30137-h5-fans-cnpsec-20200331-13.51.42-offline-replaced.zip] can be recoginized as a zipfile.
Wed, 01 Apr 2020 20:59:46 replace_config_file.py[line:91] INFO Clean Command: rd /s /q D:\scripts\git\myweb\myweb\static/files\SVN30137-h5-fans-cnpsec-20200331-13.51.42-offline-replaced
Wed, 01 Apr 2020 20:59:47 replace_config_file.py[line:39] INFO Unzip file[SVN30137-h5-fans-cnpsec-20200331-13.51.42-offline-replaced.zip] Successfully!
Wed, 01 Apr 2020 20:59:47 views.py[line:142] DEBUG src_dir is D:\scripts\git\myweb\myweb\static/files\SVN30137-h5-fans-cnpsec-20200331-13.51.42-offline-replaced, dest_dir is D:\scripts\git\myweb\myweb\static/files, file_name is D:\scripts\git\myweb\myweb\static/files\SVN30137-h5-fans-cnpsec-20200331-13.51.42-offline-replaced-replaced.zip
Wed, 01 Apr 2020 20:59:47 views.py[line:143] INFO Trying to replace config file.
Wed, 01 Apr 2020 20:59:47 replace_config_file.py[line:103] INFO Replace config.local.js command: copy /Y D:\scripts\git\myweb\myweb\static/files\zhongyou-fans\config.local.js D:\scripts\git\myweb\myweb\static/files\zhongyou-fans\config.local.js
Wed, 01 Apr 2020 20:59:48 views.py[line:145] INFO Trying to zip the directory after replacing config file.
Wed, 01 Apr 2020 20:59:48 replace_config_file.py[line:68] INFO Compress To Zipfile Successfully!
Wed, 01 Apr 2020 20:59:48 views.py[line:147] INFO Replaced config file successfully.
Wed, 01 Apr 2020 20:59:48 views.py[line:161] INFO 需要部署的APP 信息: {'2968': '644', '3076': '887'}
Wed, 01 Apr 2020 20:59:48 deploy_on_light.py[line:109] INFO Will Reuqeuest Interface: https://fs-api.lightyy.com/service/portal/appdiy/offline/query_offline_pkglist
Wed, 01 Apr 2020 20:59:48 deploy_on_light.py[line:110] INFO Augues as follows: 
{'app_id': '2968'}
Wed, 01 Apr 2020 20:59:48 connectionpool.py[line:959] DEBUG Starting new HTTPS connection (1): fs-api.lightyy.com:443
Wed, 01 Apr 2020 20:59:49 connectionpool.py[line:437] DEBUG https://fs-api.lightyy.com:443 "GET /service/portal/appdiy/offline/query_offline_pkglist?app_id=2968 HTTP/1.1" 200 None
Wed, 01 Apr 2020 20:59:49 deploy_on_light.py[line:118] INFO Response: 
{'data': [{'id': 523, 'app_id': 2968, 'h5app_id': 'restrict', 'user_id': 817840189865986, 'name': '限售解禁', 'create_date': '2019-08-05T11:11:29.000Z', 'update_date': '2019-08-05T11:11:29.000Z', 'is_del': 0, 'pkg_type': 1}, {'id': 524, 'app_id': 2968, 'h5app_id': 'note', 'user_id': 817840189865986, 'name': '业绩公告', 'create_date': '2019-08-05T11:55:43.000Z', 'update_date': '2019-08-05T11:55:43.000Z', 'is_del': 0, 'pkg_type': 1}, {'id': 526, 'app_id': 2968, 'h5app_id': 'dividend', 'user_id': 817840189865986, 'name': '分红转送', 'create_date': '2019-08-06T00:50:00.000Z', 'update_date': '2019-08-06T00:50:00.000Z', 'is_del': 0, 'pkg_type': 1}, {'id': 527, 'app_id': 2968, 'h5app_id': 'gqzy', 'user_id': 817840189865986, 'name': '股权质押', 'create_date': '2019-08-06T05:52:09.000Z', 'update_date': '2019-08-06T05:52:09.000Z', 'is_del': 0, 'pkg_type': 1}, {'id': 528, 'app_id': 2968, 'h5app_id': 'dzjy', 'user_id': 817840189865986, 'name': '大宗交易', 'create_date': '2019-08-06T10:26:59.000Z', 'update_date': '2019-08-06T10:26:59.000Z', 'is_del': 0, 'pkg_type': 1}, {'id': 529, 'app_id': 2968, 'h5app_id': 'rzrq', 'user_id': 817840189865986, 'name': '融资融券', 'create_date': '2019-08-06T10:45:13.000Z', 'update_date': '2019-08-06T10:45:13.000Z', 'is_del': 0, 'pkg_type': 1}, {'id': 531, 'app_id': 2968, 'h5app_id': 'guxi', 'user_id': 817840189865986, 'name': '股析', 'create_date': '2019-08-08T00:36:30.000Z', 'update_date': '2019-08-08T00:36:30.000Z', 'is_del': 0, 'pkg_type': 1}, {'id': 532, 'app_id': 2968, 'h5app_id': 'guojia', 'user_id': 817840189865986, 'name': '国家队', 'create_date': '2019-08-08T00:36:56.000Z', 'update_date': '2019-08-08T00:36:56.000Z', 'is_del': 0, 'pkg_type': 1}, {'id': 545, 'app_id': 2968, 'h5app_id': 'fundflow', 'user_id': 817840189865986, 'name': '资金流向h5', 'create_date': '2019-08-14T09:43:55.000Z', 'update_date': '2019-08-14T09:43:55.000Z', 'is_del': 0, 'pkg_type': 1}, {'id': 578, 'app_id': 2968, 'h5app_id': 'stop', 'user_id': 817840189865986, 'name': '停复牌', 'create_date': '2019-08-22T01:59:32.000Z', 'update_date': '2019-08-22T01:59:32.000Z', 'is_del': 0, 'pkg_type': 1}, {'id': 592, 'app_id': 2968, 'h5app_id': 'aftermt', 'user_id': 817840189865986, 'name': '理财商城', 'create_date': '2019-08-27T07:17:29.000Z', 'update_date': '2019-08-27T07:17:29.000Z', 'is_del': 0, 'pkg_type': 1}, {'id': 604, 'app_id': 2968, 'h5app_id': 'zhfx', 'user_id': 817840189865986, 'name': '中邮账户分析', 'create_date': '2019-08-30T08:41:06.000Z', 'update_date': '2019-08-30T08:41:06.000Z', 'is_del': 0, 'pkg_type': 1}, {'id': 644, 'app_id': 2968, 'h5app_id': 'fans', 'user_id': 817840189865986, 'name': '中邮投顾粉丝端', 'create_date': '2019-09-11T06:39:32.000Z', 'update_date': '2019-09-11T06:39:32.000Z', 'is_del': 0, 'pkg_type': 1}, {'id': 677, 'app_id': 2968, 'h5app_id': 'afteropt', 'user_id': 817840189865986, 'name': '盘后行情', 'create_date': '2019-09-19T01:29:54.000Z', 'update_date': '2019-09-19T01:29:54.000Z', 'is_del': 0, 'pkg_type': 1}, {'id': 719, 'app_id': 2968, 'h5app_id': 'autodepl', 'user_id': 817840189865986, 'name': '自动部署测试', 'create_date': '2019-09-30T07:05:15.000Z', 'update_date': '2019-09-30T07:05:15.000Z', 'is_del': 0, 'pkg_type': 1}, {'id': 753, 'app_id': 2968, 'h5app_id': 'htqf', 'user_id': 817840189865986, 'name': '汇通启富我的', 'create_date': '2019-10-25T03:56:07.000Z', 'update_date': '2019-10-25T03:56:07.000Z', 'is_del': 0, 'pkg_type': 1}, {'id': 763, 'app_id': 2968, 'h5app_id': 'sxlc', 'user_id': 817840189865986, 'name': '山西理财商城', 'create_date': '2019-10-28T11:19:18.000Z', 'update_date': '2019-10-28T11:19:18.000Z', 'is_del': 0, 'pkg_type': 1}, {'id': 773, 'app_id': 2968, 'h5app_id': 'fund', 'user_id': 817840189865986, 'name': '基金扫描', 'create_date': '2019-11-04T06:02:33.000Z', 'update_date': '2019-11-04T06:02:33.000Z', 'is_del': 0, 'pkg_type': 1}, {'id': 872, 'app_id': 2968, 'h5app_id': 'sxwdlc', 'user_id': 817840189865986, 'name': '山西证券理财模块', 'create_date': '2019-12-24T02:14:31.000Z', 'update_date': '2019-12-24T02:14:31.000Z', 'is_del': 0, 'pkg_type': 1}, {'id': 936, 'app_id': 2968, 'h5app_id': 'yearbill', 'user_id': 817840189865986, 'name': '中邮年账单', 'create_date': '2020-01-07T02:34:53.000Z', 'update_date': '2020-01-07T02:34:53.000Z', 'is_del': 0, 'pkg_type': 1}, {'id': 1003, 'app_id': 2968, 'h5app_id': 'xgrl', 'user_id': 817840189865986, 'name': '新股日历', 'create_date': '2020-02-19T07:34:33.000Z', 'update_date': '2020-02-19T07:34:33.000Z', 'is_del': 0, 'pkg_type': 1}, {'id': 1025, 'app_id': 2968, 'h5app_id': 'mine', 'user_id': 817840189865986, 'name': '山西我的页面', 'create_date': '2020-02-26T08:36:42.000Z', 'update_date': '2020-02-26T08:36:42.000Z', 'is_del': 0, 'pkg_type': 1}, {'id': 1048, 'app_id': 2968, 'h5app_id': 'gzrl', 'user_id': 817840189865986, 'name': '股转日历', 'create_date': '2020-03-09T05:56:01.000Z', 'update_date': '2020-03-09T05:56:01.000Z', 'is_del': 0, 'pkg_type': 1}, {'id': 1067, 'app_id': 2968, 'h5app_id': 'xzrl', 'user_id': 817840189865986, 'name': '新债日历', 'create_date': '2020-03-14T03:54:44.000Z', 'update_date': '2020-03-14T03:54:44.000Z', 'is_del': 0, 'pkg_type': 1}], 'err_no': 0}
Wed, 01 Apr 2020 20:59:50 deploy_on_light.py[line:157] INFO H5[中邮投顾粉丝端], pkg_id [644]
Wed, 01 Apr 2020 20:59:50 views.py[line:168] INFO Update light token[{'Authorization': 'Light 299bd6b073c211ea8383392c9629c3d3'}].
Wed, 01 Apr 2020 20:59:50 deploy_on_light.py[line:109] INFO Will Reuqeuest Interface: https://fs-api.lightyy.com/service/portal/appdiy/offline/query_offline_pkglist
Wed, 01 Apr 2020 20:59:50 deploy_on_light.py[line:110] INFO Augues as follows: 
{'app_id': '3076'}
Wed, 01 Apr 2020 20:59:50 connectionpool.py[line:959] DEBUG Starting new HTTPS connection (1): fs-api.lightyy.com:443
Wed, 01 Apr 2020 20:59:50 connectionpool.py[line:437] DEBUG https://fs-api.lightyy.com:443 "GET /service/portal/appdiy/offline/query_offline_pkglist?app_id=3076 HTTP/1.1" 200 None
Wed, 01 Apr 2020 20:59:50 deploy_on_light.py[line:118] INFO Response: 
{'data': [{'id': 852, 'app_id': 3076, 'h5app_id': 'debt', 'user_id': 817840189865986, 'name': 'debt', 'create_date': '2019-12-16T10:02:55.000Z', 'update_date': '2019-12-16T10:02:55.000Z', 'is_del': 0, 'pkg_type': 1}, {'id': 887, 'app_id': 3076, 'h5app_id': 'fans', 'user_id': 817840189865986, 'name': '中邮智能投顾', 'create_date': '2019-12-26T08:16:27.000Z', 'update_date': '2019-12-26T08:16:27.000Z', 'is_del': 0, 'pkg_type': 1}, {'id': 893, 'app_id': 3076, 'h5app_id': 'sxlc', 'user_id': 817840189865986, 'name': '山西理财商城', 'create_date': '2019-12-27T08:38:07.000Z', 'update_date': '2019-12-27T08:38:07.000Z', 'is_del': 0, 'pkg_type': 1}, {'id': 894, 'app_id': 3076, 'h5app_id': 'sxwdlc', 'user_id': 817840189865986, 'name': '山西我的理财', 'create_date': '2019-12-27T08:38:53.000Z', 'update_date': '2019-12-27T08:38:53.000Z', 'is_del': 0, 'pkg_type': 1}, {'id': 935, 'app_id': 3076, 'h5app_id': 'mine', 'user_id': 817840189865986, 'name': '山西我的页面', 'create_date': '2020-01-07T01:50:30.000Z', 'update_date': '2020-01-07T01:50:30.000Z', 'is_del': 0, 'pkg_type': 1}, {'id': 948, 'app_id': 3076, 'h5app_id': 'yearbill', 'user_id': 817840189865986, 'name': '中邮年度账单', 'create_date': '2020-01-13T02:18:41.000Z', 'update_date': '2020-01-13T02:18:41.000Z', 'is_del': 0, 'pkg_type': 1}, {'id': 1036, 'app_id': 3076, 'h5app_id': 'cwtrans', 'user_id': 817840189865986, 'name': '股转委托系统', 'create_date': '2020-03-02T01:18:51.000Z', 'update_date': '2020-03-02T01:18:51.000Z', 'is_del': 0, 'pkg_type': 1}, {'id': 1037, 'app_id': 3076, 'h5app_id': 'cwipo', 'user_id': 817840189865986, 'name': '打新神器', 'create_date': '2020-03-02T07:32:02.000Z', 'update_date': '2020-03-02T07:32:02.000Z', 'is_del': 0, 'pkg_type': 1}, {'id': 1055, 'app_id': 3076, 'h5app_id': 'zjkp', 'user_id': 817840189865986, 'name': '资金看盘', 'create_date': '2020-03-12T06:44:00.000Z', 'update_date': '2020-03-12T06:44:00.000Z', 'is_del': 0, 'pkg_type': 1}, {'id': 1056, 'app_id': 3076, 'h5app_id': 'dptp', 'user_id': 817840189865986, 'name': '大盘图谱', 'create_date': '2020-03-12T06:45:15.000Z', 'update_date': '2020-03-12T06:45:15.000Z', 'is_del': 0, 'pkg_type': 1}, {'id': 1081, 'app_id': 3076, 'h5app_id': 'cwaht', 'user_id': 817840189865986, 'name': '盘后交易', 'create_date': '2020-03-24T00:48:37.000Z', 'update_date': '2020-03-24T00:48:37.000Z', 'is_del': 0, 'pkg_type': 1}, {'id': 1082, 'app_id': 3076, 'h5app_id': 'cwcvt', 'user_id': 817840189865986, 'name': '转股回售', 'create_date': '2020-03-24T01:49:19.000Z', 'update_date': '2020-03-24T01:49:19.000Z', 'is_del': 0, 'pkg_type': 1}, {'id': 1083, 'app_id': 3076, 'h5app_id': 'cwvote', 'user_id': 817840189865986, 'name': '网络投票', 'create_date': '2020-03-24T02:33:05.000Z', 'update_date': '2020-03-24T02:33:05.000Z', 'is_del': 0, 'pkg_type': 1}], 'err_no': 0}
Wed, 01 Apr 2020 20:59:51 deploy_on_light.py[line:157] INFO H5[中邮智能投顾], pkg_id [887]
Wed, 01 Apr 2020 20:59:51 views.py[line:168] INFO Update light token[{'Authorization': 'Light 299bd6b073c211ea8383392c9629c3d3'}].
Wed, 01 Apr 2020 20:59:51 views.py[line:175] INFO Deploy SVN30137-h5-fans-cnpsec-20200331-13.51.42-offline-replaced.zip on app zhongyou-fans Successfully.
Wed, 01 Apr 2020 21:01:14 views.py[line:99] INFO Input pkg_token: JSESSIONID=FDF44865889AC6CE70D963446BA7431B;
Wed, 01 Apr 2020 21:01:14 views.py[line:100] INFO Input light_token:Light 299bd6b073c211ea8383392c9629c3d3
Wed, 01 Apr 2020 21:01:14 views.py[line:110] INFO Upload File[D:\scripts\git\myweb\myweb\static/files\SVN30137-h5-fans-cnpsec-20200331-13.51.42-offline-replaced.zip] Successfully.
Wed, 01 Apr 2020 21:01:14 views.py[line:137] INFO Trying to replace config file.
Wed, 01 Apr 2020 21:01:14 views.py[line:140] DEBUG Trying to unzip download zip file[D:\scripts\git\myweb\myweb\static/files\SVN30137-h5-fans-cnpsec-20200331-13.51.42-offline-replaced.zip].
Wed, 01 Apr 2020 21:01:14 replace_config_file.py[line:22] INFO Into Replace.unzip_file...
Wed, 01 Apr 2020 21:01:14 replace_config_file.py[line:29] INFO The zipfile[D:\scripts\git\myweb\myweb\static/files\SVN30137-h5-fans-cnpsec-20200331-13.51.42-offline-replaced.zip] can be recoginized as a zipfile.
Wed, 01 Apr 2020 21:01:14 replace_config_file.py[line:91] INFO Clean Command: rd /s /q D:\scripts\git\myweb\myweb\static/files\SVN30137-h5-fans-cnpsec-20200331-13.51.42-offline-replaced
Wed, 01 Apr 2020 21:01:16 replace_config_file.py[line:39] INFO Unzip file[SVN30137-h5-fans-cnpsec-20200331-13.51.42-offline-replaced.zip] Successfully!
Wed, 01 Apr 2020 21:01:16 views.py[line:142] DEBUG src_dir is D:\scripts\git\myweb\myweb\static/files\SVN30137-h5-fans-cnpsec-20200331-13.51.42-offline-replaced, dest_dir is D:\scripts\git\myweb\myweb\static/files, file_name is D:\scripts\git\myweb\myweb\static/files\SVN30137-h5-fans-cnpsec-20200331-13.51.42-offline-replaced-replaced.zip
Wed, 01 Apr 2020 21:01:16 views.py[line:143] INFO Trying to replace config file.
Wed, 01 Apr 2020 21:01:16 replace_config_file.py[line:103] INFO Replace config.local.js command: copy /Y D:\scripts\git\myweb\myweb\static/files\zhongyou-fans\config.local.js D:\scripts\git\myweb\myweb\static/files\zhongyou-fans\config.local.js
Wed, 01 Apr 2020 21:01:17 views.py[line:145] INFO Trying to zip the directory after replacing config file.
Wed, 01 Apr 2020 21:01:17 replace_config_file.py[line:68] INFO Compress To Zipfile Successfully!
Wed, 01 Apr 2020 21:01:17 views.py[line:147] INFO Replaced config file successfully.
Wed, 01 Apr 2020 21:01:17 views.py[line:161] INFO 需要部署的APP 信息: {'2968': '644', '3076': '887'}
Wed, 01 Apr 2020 21:01:17 deploy_on_light.py[line:109] INFO Will Reuqeuest Interface: https://fs-api.lightyy.com/service/portal/appdiy/offline/query_offline_pkglist
Wed, 01 Apr 2020 21:01:17 deploy_on_light.py[line:110] INFO Augues as follows: 
{'app_id': '2968'}
Wed, 01 Apr 2020 21:01:17 connectionpool.py[line:959] DEBUG Starting new HTTPS connection (1): fs-api.lightyy.com:443
Wed, 01 Apr 2020 21:01:18 connectionpool.py[line:437] DEBUG https://fs-api.lightyy.com:443 "GET /service/portal/appdiy/offline/query_offline_pkglist?app_id=2968 HTTP/1.1" 200 None
Wed, 01 Apr 2020 21:01:18 deploy_on_light.py[line:118] INFO Response: 
{'data': [{'id': 523, 'app_id': 2968, 'h5app_id': 'restrict', 'user_id': 817840189865986, 'name': '限售解禁', 'create_date': '2019-08-05T11:11:29.000Z', 'update_date': '2019-08-05T11:11:29.000Z', 'is_del': 0, 'pkg_type': 1}, {'id': 524, 'app_id': 2968, 'h5app_id': 'note', 'user_id': 817840189865986, 'name': '业绩公告', 'create_date': '2019-08-05T11:55:43.000Z', 'update_date': '2019-08-05T11:55:43.000Z', 'is_del': 0, 'pkg_type': 1}, {'id': 526, 'app_id': 2968, 'h5app_id': 'dividend', 'user_id': 817840189865986, 'name': '分红转送', 'create_date': '2019-08-06T00:50:00.000Z', 'update_date': '2019-08-06T00:50:00.000Z', 'is_del': 0, 'pkg_type': 1}, {'id': 527, 'app_id': 2968, 'h5app_id': 'gqzy', 'user_id': 817840189865986, 'name': '股权质押', 'create_date': '2019-08-06T05:52:09.000Z', 'update_date': '2019-08-06T05:52:09.000Z', 'is_del': 0, 'pkg_type': 1}, {'id': 528, 'app_id': 2968, 'h5app_id': 'dzjy', 'user_id': 817840189865986, 'name': '大宗交易', 'create_date': '2019-08-06T10:26:59.000Z', 'update_date': '2019-08-06T10:26:59.000Z', 'is_del': 0, 'pkg_type': 1}, {'id': 529, 'app_id': 2968, 'h5app_id': 'rzrq', 'user_id': 817840189865986, 'name': '融资融券', 'create_date': '2019-08-06T10:45:13.000Z', 'update_date': '2019-08-06T10:45:13.000Z', 'is_del': 0, 'pkg_type': 1}, {'id': 531, 'app_id': 2968, 'h5app_id': 'guxi', 'user_id': 817840189865986, 'name': '股析', 'create_date': '2019-08-08T00:36:30.000Z', 'update_date': '2019-08-08T00:36:30.000Z', 'is_del': 0, 'pkg_type': 1}, {'id': 532, 'app_id': 2968, 'h5app_id': 'guojia', 'user_id': 817840189865986, 'name': '国家队', 'create_date': '2019-08-08T00:36:56.000Z', 'update_date': '2019-08-08T00:36:56.000Z', 'is_del': 0, 'pkg_type': 1}, {'id': 545, 'app_id': 2968, 'h5app_id': 'fundflow', 'user_id': 817840189865986, 'name': '资金流向h5', 'create_date': '2019-08-14T09:43:55.000Z', 'update_date': '2019-08-14T09:43:55.000Z', 'is_del': 0, 'pkg_type': 1}, {'id': 578, 'app_id': 2968, 'h5app_id': 'stop', 'user_id': 817840189865986, 'name': '停复牌', 'create_date': '2019-08-22T01:59:32.000Z', 'update_date': '2019-08-22T01:59:32.000Z', 'is_del': 0, 'pkg_type': 1}, {'id': 592, 'app_id': 2968, 'h5app_id': 'aftermt', 'user_id': 817840189865986, 'name': '理财商城', 'create_date': '2019-08-27T07:17:29.000Z', 'update_date': '2019-08-27T07:17:29.000Z', 'is_del': 0, 'pkg_type': 1}, {'id': 604, 'app_id': 2968, 'h5app_id': 'zhfx', 'user_id': 817840189865986, 'name': '中邮账户分析', 'create_date': '2019-08-30T08:41:06.000Z', 'update_date': '2019-08-30T08:41:06.000Z', 'is_del': 0, 'pkg_type': 1}, {'id': 644, 'app_id': 2968, 'h5app_id': 'fans', 'user_id': 817840189865986, 'name': '中邮投顾粉丝端', 'create_date': '2019-09-11T06:39:32.000Z', 'update_date': '2019-09-11T06:39:32.000Z', 'is_del': 0, 'pkg_type': 1}, {'id': 677, 'app_id': 2968, 'h5app_id': 'afteropt', 'user_id': 817840189865986, 'name': '盘后行情', 'create_date': '2019-09-19T01:29:54.000Z', 'update_date': '2019-09-19T01:29:54.000Z', 'is_del': 0, 'pkg_type': 1}, {'id': 719, 'app_id': 2968, 'h5app_id': 'autodepl', 'user_id': 817840189865986, 'name': '自动部署测试', 'create_date': '2019-09-30T07:05:15.000Z', 'update_date': '2019-09-30T07:05:15.000Z', 'is_del': 0, 'pkg_type': 1}, {'id': 753, 'app_id': 2968, 'h5app_id': 'htqf', 'user_id': 817840189865986, 'name': '汇通启富我的', 'create_date': '2019-10-25T03:56:07.000Z', 'update_date': '2019-10-25T03:56:07.000Z', 'is_del': 0, 'pkg_type': 1}, {'id': 763, 'app_id': 2968, 'h5app_id': 'sxlc', 'user_id': 817840189865986, 'name': '山西理财商城', 'create_date': '2019-10-28T11:19:18.000Z', 'update_date': '2019-10-28T11:19:18.000Z', 'is_del': 0, 'pkg_type': 1}, {'id': 773, 'app_id': 2968, 'h5app_id': 'fund', 'user_id': 817840189865986, 'name': '基金扫描', 'create_date': '2019-11-04T06:02:33.000Z', 'update_date': '2019-11-04T06:02:33.000Z', 'is_del': 0, 'pkg_type': 1}, {'id': 872, 'app_id': 2968, 'h5app_id': 'sxwdlc', 'user_id': 817840189865986, 'name': '山西证券理财模块', 'create_date': '2019-12-24T02:14:31.000Z', 'update_date': '2019-12-24T02:14:31.000Z', 'is_del': 0, 'pkg_type': 1}, {'id': 936, 'app_id': 2968, 'h5app_id': 'yearbill', 'user_id': 817840189865986, 'name': '中邮年账单', 'create_date': '2020-01-07T02:34:53.000Z', 'update_date': '2020-01-07T02:34:53.000Z', 'is_del': 0, 'pkg_type': 1}, {'id': 1003, 'app_id': 2968, 'h5app_id': 'xgrl', 'user_id': 817840189865986, 'name': '新股日历', 'create_date': '2020-02-19T07:34:33.000Z', 'update_date': '2020-02-19T07:34:33.000Z', 'is_del': 0, 'pkg_type': 1}, {'id': 1025, 'app_id': 2968, 'h5app_id': 'mine', 'user_id': 817840189865986, 'name': '山西我的页面', 'create_date': '2020-02-26T08:36:42.000Z', 'update_date': '2020-02-26T08:36:42.000Z', 'is_del': 0, 'pkg_type': 1}, {'id': 1048, 'app_id': 2968, 'h5app_id': 'gzrl', 'user_id': 817840189865986, 'name': '股转日历', 'create_date': '2020-03-09T05:56:01.000Z', 'update_date': '2020-03-09T05:56:01.000Z', 'is_del': 0, 'pkg_type': 1}, {'id': 1067, 'app_id': 2968, 'h5app_id': 'xzrl', 'user_id': 817840189865986, 'name': '新债日历', 'create_date': '2020-03-14T03:54:44.000Z', 'update_date': '2020-03-14T03:54:44.000Z', 'is_del': 0, 'pkg_type': 1}], 'err_no': 0}
Wed, 01 Apr 2020 21:01:19 deploy_on_light.py[line:157] INFO H5[中邮投顾粉丝端], pkg_id [644]
Wed, 01 Apr 2020 21:01:19 deploy_on_light.py[line:109] INFO Will Reuqeuest Interface: https://fs-api.lightyy.com/service/portal/appdiy/offline/query_offline_versionlist
Wed, 01 Apr 2020 21:01:19 deploy_on_light.py[line:110] INFO Augues as follows: 
{'app_id': '2968', 'pkg_id': 644, 'page_no': 1, 'page_size': 10}
Wed, 01 Apr 2020 21:01:19 connectionpool.py[line:959] DEBUG Starting new HTTPS connection (1): fs-api.lightyy.com:443
Wed, 01 Apr 2020 21:01:19 connectionpool.py[line:437] DEBUG https://fs-api.lightyy.com:443 "GET /service/portal/appdiy/offline/query_offline_versionlist?app_id=2968&pkg_id=644&page_no=1&page_size=10 HTTP/1.1" 200 None
Wed, 01 Apr 2020 21:01:19 deploy_on_light.py[line:118] INFO Response: 
{'data': {'list': [{'id': 9305, 'app_id': 2968, 'user_id': 817840189865986, 'pkg_id': 644, 'version': '0.3.185', 'status': '1', 'release_type': 0, 'android_version_scope': '0.0.0.0,9.9.9.9', 'ios_version_scope': '0.0.0.0,9.9.9.9', 'is_wifi': 0, 'package_id': '5e83678e43068a5312127580', 'file_name': 'SVN30137-h5-fans-cnpsec-20200331-13.51.42-offline-replaced-replaced.zip', 'file_size': 868811, 'create_date': '2020-03-31T15:53:50.000Z', 'update_date': '2020-03-31T15:53:50.000Z', 'jsapi_permission_list': None}, {'id': 9268, 'app_id': 2968, 'user_id': 817840189865986, 'pkg_id': 644, 'version': '0.3.184', 'status': '2', 'release_type': 0, 'android_version_scope': '0.0.0.0,9.9.9.9', 'ios_version_scope': '0.0.0.0,9.9.9.9', 'is_wifi': 0, 'package_id': '5e83405743068a5312127553', 'file_name': 'SVN30137-h5-fans-cnpsec-20200331-13.51.42-offline-replaced-replaced.zip', 'file_size': 868811, 'create_date': '2020-03-31T13:06:31.000Z', 'update_date': '2020-03-31T15:53:50.000Z', 'jsapi_permission_list': None}, {'id': 9244, 'app_id': 2968, 'user_id': 817840189865986, 'pkg_id': 644, 'version': '0.3.183', 'status': '2', 'release_type': 0, 'android_version_scope': '0.0.0.0,9.9.9.9', 'ios_version_scope': '0.0.0.0,9.9.9.9', 'is_wifi': 0, 'package_id': '5e833aa64aa9b352aaf7b247', 'file_name': 'SVN30137-h5-fans-cnpsec-20200331-13.51.42-offline-replaced-replaced.zip', 'file_size': 868811, 'create_date': '2020-03-31T12:42:14.000Z', 'update_date': '2020-03-31T13:06:31.000Z', 'jsapi_permission_list': None}, {'id': 9220, 'app_id': 2968, 'user_id': 817840189865986, 'pkg_id': 644, 'version': '0.3.182', 'status': '2', 'release_type': 0, 'android_version_scope': '0.0.0.0,9.9.9.9', 'ios_version_scope': '0.0.0.0,9.9.9.9', 'is_wifi': 0, 'package_id': '5e83399243068a531212752b', 'file_name': 'SVN30137-h5-fans-cnpsec-20200331-13.51.42-offline-replaced-replaced.zip', 'file_size': 868811, 'create_date': '2020-03-31T12:37:38.000Z', 'update_date': '2020-03-31T12:42:14.000Z', 'jsapi_permission_list': None}, {'id': 9188, 'app_id': 2968, 'user_id': 817840189865986, 'pkg_id': 644, 'version': '0.3.181', 'status': '2', 'release_type': 0, 'android_version_scope': '0.0.0.0,9.9.9.9', 'ios_version_scope': '0.0.0.0,9.9.9.9', 'is_wifi': 0, 'package_id': '5e82e6c375a4d552c16ef4c2', 'file_name': 'SVN30137-h5-fans-cnpsec-20200331-13.51.42-offline-replaced-replaced.zip', 'file_size': 868811, 'create_date': '2020-03-31T06:44:19.000Z', 'update_date': '2020-03-31T12:37:38.000Z', 'jsapi_permission_list': None}, {'id': 9174, 'app_id': 2968, 'user_id': 817840189865986, 'pkg_id': 644, 'version': '0.3.180', 'status': '2', 'release_type': 0, 'android_version_scope': '0.0.0.0,9.9.9.9', 'ios_version_scope': '0.0.0.0,9.9.9.9', 'is_wifi': 0, 'package_id': '5e82dc301a8a2f52c7f7a0d9', 'file_name': 'SVN30137-h5-fans-cnpsec-20200331-13.51.42-offline-replaced.zip', 'file_size': 871906, 'create_date': '2020-03-31T05:59:12.000Z', 'update_date': '2020-03-31T06:44:19.000Z', 'jsapi_permission_list': None}, {'id': 9172, 'app_id': 2968, 'user_id': 817840189865986, 'pkg_id': 644, 'version': '0.3.179', 'status': '2', 'release_type': 0, 'android_version_scope': '0.0.0.0,9.9.9.9', 'ios_version_scope': '0.0.0.0,9.9.9.9', 'is_wifi': 0, 'package_id': '5e82ae5f75a4d552c16ef3a2', 'file_name': 'SVN30096-h5-fans-cnpsec-20200330-15.52.55-offline.zip', 'file_size': 871869, 'create_date': '2020-03-31T02:43:43.000Z', 'update_date': '2020-03-31T05:59:12.000Z', 'jsapi_permission_list': None}, {'id': 9147, 'app_id': 2968, 'user_id': 817840189865986, 'pkg_id': 644, 'version': '0.3.178', 'status': '2', 'release_type': 0, 'android_version_scope': '0.0.0.0,9.9.9.9', 'ios_version_scope': '0.0.0.0,9.9.9.9', 'is_wifi': 0, 'package_id': '5e7eed4566f54157c4572b43', 'file_name': 'SVN30063-h5-fans-cnpsec-20200328-14.03.28-offline-modified.zip', 'file_size': 871891, 'create_date': '2020-03-28T06:23:01.000Z', 'update_date': '2020-03-31T02:43:43.000Z', 'jsapi_permission_list': None}, {'id': 9143, 'app_id': 2968, 'user_id': 817840189865986, 'pkg_id': 644, 'version': '0.3.177', 'status': '2', 'release_type': 0, 'android_version_scope': '0.0.0.0,9.9.9.9', 'ios_version_scope': '0.0.0.0,9.9.9.9', 'is_wifi': 0, 'package_id': '5e7ebec920eb0d54ad5c2de0', 'file_name': 'SVN30038-h5-fans-cnpsec-20200328-10.58.02-offline-modified.zip', 'file_size': 875483, 'create_date': '2020-03-28T03:04:42.000Z', 'update_date': '2020-03-28T06:23:01.000Z', 'jsapi_permission_list': None}, {'id': 9133, 'app_id': 2968, 'user_id': 817840189865986, 'pkg_id': 644, 'version': '0.3.176', 'status': '2', 'release_type': 0, 'android_version_scope': '0.0.0.0,9.9.9.9', 'ios_version_scope': '0.0.0.0,9.9.9.9', 'is_wifi': 0, 'package_id': '5e7dbe7a9cf91857e831c32c', 'file_name': 'SVN30022-h5-fans-cnpsec-20200327-14.59.40-offline-modified.zip', 'file_size': 875115, 'create_date': '2020-03-27T08:51:06.000Z', 'update_date': '2020-03-28T03:04:42.000Z', 'jsapi_permission_list': None}], 'total': 216, 'max_version': '0.3.185'}, 'err_no': 0}
Wed, 01 Apr 2020 21:01:19 connectionpool.py[line:959] DEBUG Starting new HTTPS connection (1): fs-api.lightyy.com:443
Wed, 01 Apr 2020 21:01:20 connectionpool.py[line:437] DEBUG https://fs-api.lightyy.com:443 "POST /file/light/package HTTP/1.1" 200 None
Wed, 01 Apr 2020 21:01:20 deploy_on_light.py[line:84] INFO {'data': '5e8490a675a4d552c16f026f', 'err_no': 0}
Wed, 01 Apr 2020 21:01:20 deploy_on_light.py[line:109] INFO Will Reuqeuest Interface: https://fs-api.lightyy.com/service/portal/appdiy/offline/add_offline_version
Wed, 01 Apr 2020 21:01:20 deploy_on_light.py[line:110] INFO Augues as follows: 
{'app_id': '2968', 'pkg_id': 644, 'version': '0.3.186', 'android_version_scope': '0.0.0.0,9.9.9.9', 'ios_version_scope': '0.0.0.0,9.9.9.9', 'is_wifi': 0, 'package_id': '5e8490a675a4d552c16f026f', 'file_name': 'SVN30137-h5-fans-cnpsec-20200331-13.51.42-offline-replaced-replaced.zip', 'file_size': 4343967}
Wed, 01 Apr 2020 21:01:20 connectionpool.py[line:959] DEBUG Starting new HTTPS connection (1): fs-api.lightyy.com:443
Wed, 01 Apr 2020 21:01:20 connectionpool.py[line:437] DEBUG https://fs-api.lightyy.com:443 "POST /service/portal/appdiy/offline/add_offline_version HTTP/1.1" 200 None
Wed, 01 Apr 2020 21:01:20 deploy_on_light.py[line:118] INFO Response: 
{'data': 9390, 'err_no': 0}
Wed, 01 Apr 2020 21:01:20 deploy_on_light.py[line:109] INFO Will Reuqeuest Interface: https://fs-api.lightyy.com/service/portal/appdiy/offline/query_offline_task
Wed, 01 Apr 2020 21:01:20 deploy_on_light.py[line:110] INFO Augues as follows: 
{'app_id': '2968', 'version_id': 9305, 'page_no': 1, 'page_size': 5}
Wed, 01 Apr 2020 21:01:20 connectionpool.py[line:959] DEBUG Starting new HTTPS connection (1): fs-api.lightyy.com:443
Wed, 01 Apr 2020 21:01:20 connectionpool.py[line:437] DEBUG https://fs-api.lightyy.com:443 "GET /service/portal/appdiy/offline/query_offline_task?app_id=2968&version_id=9305&page_no=1&page_size=5 HTTP/1.1" 200 None
Wed, 01 Apr 2020 21:01:20 deploy_on_light.py[line:118] INFO Response: 
{'data': {'list': [{'id': 9613, 'pkg_id': 644, 'release_type': 0, 'status': '0', 'release_strategy': None, 'release_desc': 'Auto Deployed.', 'create_date': '2020-03-31T15:53:50.000Z', 'update_date': '2020-03-31T15:53:50.000Z', 'version_id': 9305, 'pause_time': '2020-03-31T15:53:50.000Z', 'pause_total': None, 'update_strategy': 0}], 'total': 1}, 'err_no': 0}
Wed, 01 Apr 2020 21:01:20 deploy_on_light.py[line:109] INFO Will Reuqeuest Interface: https://fs-api.lightyy.com/service/portal/appdiy/offline/update_offline_task
Wed, 01 Apr 2020 21:01:20 deploy_on_light.py[line:110] INFO Augues as follows: 
{'app_id': '2968', 'id': 9613, 'status': 2}
Wed, 01 Apr 2020 21:01:20 connectionpool.py[line:959] DEBUG Starting new HTTPS connection (1): fs-api.lightyy.com:443
Wed, 01 Apr 2020 21:01:21 connectionpool.py[line:437] DEBUG https://fs-api.lightyy.com:443 "POST /service/portal/appdiy/offline/update_offline_task HTTP/1.1" 200 None
Wed, 01 Apr 2020 21:01:21 deploy_on_light.py[line:118] INFO Response: 
{'data': 9613, 'err_no': 0}
Wed, 01 Apr 2020 21:01:21 deploy_on_light.py[line:109] INFO Will Reuqeuest Interface: https://fs-api.lightyy.com/service/portal/appdiy/offline/add_offline_task
Wed, 01 Apr 2020 21:01:21 deploy_on_light.py[line:110] INFO Augues as follows: 
{'app_id': '2968', 'pkg_id': 644, 'version_id': 9390, 'release_type': 0, 'update_strategy': 0, 'release_desc': 'Auto Deployed.'}
Wed, 01 Apr 2020 21:01:21 connectionpool.py[line:959] DEBUG Starting new HTTPS connection (1): fs-api.lightyy.com:443
Wed, 01 Apr 2020 21:01:21 connectionpool.py[line:437] DEBUG https://fs-api.lightyy.com:443 "POST /service/portal/appdiy/offline/add_offline_task HTTP/1.1" 200 None
Wed, 01 Apr 2020 21:01:21 deploy_on_light.py[line:118] INFO Response: 
{'data': 9700, 'err_no': 0}
Wed, 01 Apr 2020 21:01:21 views.py[line:168] INFO Update light token[{'Authorization': 'Light 299bd6b073c211ea8383392c9629c3d3'}].
Wed, 01 Apr 2020 21:01:21 deploy_on_light.py[line:109] INFO Will Reuqeuest Interface: https://fs-api.lightyy.com/service/portal/appdiy/offline/query_offline_pkglist
Wed, 01 Apr 2020 21:01:21 deploy_on_light.py[line:110] INFO Augues as follows: 
{'app_id': '3076'}
Wed, 01 Apr 2020 21:01:21 connectionpool.py[line:959] DEBUG Starting new HTTPS connection (1): fs-api.lightyy.com:443
Wed, 01 Apr 2020 21:01:21 connectionpool.py[line:437] DEBUG https://fs-api.lightyy.com:443 "GET /service/portal/appdiy/offline/query_offline_pkglist?app_id=3076 HTTP/1.1" 200 None
Wed, 01 Apr 2020 21:01:21 deploy_on_light.py[line:118] INFO Response: 
{'data': [{'id': 852, 'app_id': 3076, 'h5app_id': 'debt', 'user_id': 817840189865986, 'name': 'debt', 'create_date': '2019-12-16T10:02:55.000Z', 'update_date': '2019-12-16T10:02:55.000Z', 'is_del': 0, 'pkg_type': 1}, {'id': 887, 'app_id': 3076, 'h5app_id': 'fans', 'user_id': 817840189865986, 'name': '中邮智能投顾', 'create_date': '2019-12-26T08:16:27.000Z', 'update_date': '2019-12-26T08:16:27.000Z', 'is_del': 0, 'pkg_type': 1}, {'id': 893, 'app_id': 3076, 'h5app_id': 'sxlc', 'user_id': 817840189865986, 'name': '山西理财商城', 'create_date': '2019-12-27T08:38:07.000Z', 'update_date': '2019-12-27T08:38:07.000Z', 'is_del': 0, 'pkg_type': 1}, {'id': 894, 'app_id': 3076, 'h5app_id': 'sxwdlc', 'user_id': 817840189865986, 'name': '山西我的理财', 'create_date': '2019-12-27T08:38:53.000Z', 'update_date': '2019-12-27T08:38:53.000Z', 'is_del': 0, 'pkg_type': 1}, {'id': 935, 'app_id': 3076, 'h5app_id': 'mine', 'user_id': 817840189865986, 'name': '山西我的页面', 'create_date': '2020-01-07T01:50:30.000Z', 'update_date': '2020-01-07T01:50:30.000Z', 'is_del': 0, 'pkg_type': 1}, {'id': 948, 'app_id': 3076, 'h5app_id': 'yearbill', 'user_id': 817840189865986, 'name': '中邮年度账单', 'create_date': '2020-01-13T02:18:41.000Z', 'update_date': '2020-01-13T02:18:41.000Z', 'is_del': 0, 'pkg_type': 1}, {'id': 1036, 'app_id': 3076, 'h5app_id': 'cwtrans', 'user_id': 817840189865986, 'name': '股转委托系统', 'create_date': '2020-03-02T01:18:51.000Z', 'update_date': '2020-03-02T01:18:51.000Z', 'is_del': 0, 'pkg_type': 1}, {'id': 1037, 'app_id': 3076, 'h5app_id': 'cwipo', 'user_id': 817840189865986, 'name': '打新神器', 'create_date': '2020-03-02T07:32:02.000Z', 'update_date': '2020-03-02T07:32:02.000Z', 'is_del': 0, 'pkg_type': 1}, {'id': 1055, 'app_id': 3076, 'h5app_id': 'zjkp', 'user_id': 817840189865986, 'name': '资金看盘', 'create_date': '2020-03-12T06:44:00.000Z', 'update_date': '2020-03-12T06:44:00.000Z', 'is_del': 0, 'pkg_type': 1}, {'id': 1056, 'app_id': 3076, 'h5app_id': 'dptp', 'user_id': 817840189865986, 'name': '大盘图谱', 'create_date': '2020-03-12T06:45:15.000Z', 'update_date': '2020-03-12T06:45:15.000Z', 'is_del': 0, 'pkg_type': 1}, {'id': 1081, 'app_id': 3076, 'h5app_id': 'cwaht', 'user_id': 817840189865986, 'name': '盘后交易', 'create_date': '2020-03-24T00:48:37.000Z', 'update_date': '2020-03-24T00:48:37.000Z', 'is_del': 0, 'pkg_type': 1}, {'id': 1082, 'app_id': 3076, 'h5app_id': 'cwcvt', 'user_id': 817840189865986, 'name': '转股回售', 'create_date': '2020-03-24T01:49:19.000Z', 'update_date': '2020-03-24T01:49:19.000Z', 'is_del': 0, 'pkg_type': 1}, {'id': 1083, 'app_id': 3076, 'h5app_id': 'cwvote', 'user_id': 817840189865986, 'name': '网络投票', 'create_date': '2020-03-24T02:33:05.000Z', 'update_date': '2020-03-24T02:33:05.000Z', 'is_del': 0, 'pkg_type': 1}], 'err_no': 0}
Wed, 01 Apr 2020 21:01:22 deploy_on_light.py[line:157] INFO H5[中邮智能投顾], pkg_id [887]
Wed, 01 Apr 2020 21:01:22 deploy_on_light.py[line:109] INFO Will Reuqeuest Interface: https://fs-api.lightyy.com/service/portal/appdiy/offline/query_offline_versionlist
Wed, 01 Apr 2020 21:01:22 deploy_on_light.py[line:110] INFO Augues as follows: 
{'app_id': '3076', 'pkg_id': 887, 'page_no': 1, 'page_size': 10}
Wed, 01 Apr 2020 21:01:22 connectionpool.py[line:959] DEBUG Starting new HTTPS connection (1): fs-api.lightyy.com:443
Wed, 01 Apr 2020 21:01:22 connectionpool.py[line:437] DEBUG https://fs-api.lightyy.com:443 "GET /service/portal/appdiy/offline/query_offline_versionlist?app_id=3076&pkg_id=887&page_no=1&page_size=10 HTTP/1.1" 200 None
Wed, 01 Apr 2020 21:01:22 deploy_on_light.py[line:118] INFO Response: 
{'data': {'list': [{'id': 9318, 'app_id': 3076, 'user_id': 817840189865986, 'pkg_id': 887, 'version': '1.0.33', 'status': '1', 'release_type': 0, 'android_version_scope': '0.0.0.0,9.9.9.9', 'ios_version_scope': '0.0.0.0,9.9.9.9', 'is_wifi': 0, 'package_id': '5e8367994aa9b352aaf7b283', 'file_name': 'SVN30137-h5-fans-cnpsec-20200331-13.51.42-offline-replaced-replaced.zip', 'file_size': 868811, 'create_date': '2020-03-31T15:54:01.000Z', 'update_date': '2020-03-31T15:54:02.000Z', 'jsapi_permission_list': None}, {'id': 9281, 'app_id': 3076, 'user_id': 817840189865986, 'pkg_id': 887, 'version': '1.0.32', 'status': '2', 'release_type': 0, 'android_version_scope': '0.0.0.0,9.9.9.9', 'ios_version_scope': '0.0.0.0,9.9.9.9', 'is_wifi': 0, 'package_id': '5e8340604aa9b352aaf7b265', 'file_name': 'SVN30137-h5-fans-cnpsec-20200331-13.51.42-offline-replaced-replaced.zip', 'file_size': 868811, 'create_date': '2020-03-31T13:06:40.000Z', 'update_date': '2020-03-31T15:54:02.000Z', 'jsapi_permission_list': None}, {'id': 9175, 'app_id': 3076, 'user_id': 817840189865986, 'pkg_id': 887, 'version': '1.0.31', 'status': '2', 'release_type': 0, 'android_version_scope': '0.0.0.0,9.9.9.9', 'ios_version_scope': '0.0.0.0,9.9.9.9', 'is_wifi': 0, 'package_id': '5e82dc328894d152fed719a0', 'file_name': 'SVN30137-h5-fans-cnpsec-20200331-13.51.42-offline-replaced.zip', 'file_size': 871906, 'create_date': '2020-03-31T05:59:14.000Z', 'update_date': '2020-03-31T13:06:41.000Z', 'jsapi_permission_list': None}, {'id': 9173, 'app_id': 3076, 'user_id': 817840189865986, 'pkg_id': 887, 'version': '1.0.30', 'status': '2', 'release_type': 0, 'android_version_scope': '0.0.0.0,9.9.9.9', 'ios_version_scope': '0.0.0.0,9.9.9.9', 'is_wifi': 0, 'package_id': '5e82ae602ca0b652f9b9da48', 'file_name': 'SVN30096-h5-fans-cnpsec-20200330-15.52.55-offline.zip', 'file_size': 871869, 'create_date': '2020-03-31T02:43:44.000Z', 'update_date': '2020-03-31T05:59:14.000Z', 'jsapi_permission_list': None}, {'id': 9148, 'app_id': 3076, 'user_id': 817840189865986, 'pkg_id': 887, 'version': '1.0.29', 'status': '2', 'release_type': 0, 'android_version_scope': '0.0.0.0,9.9.9.9', 'ios_version_scope': '0.0.0.0,9.9.9.9', 'is_wifi': 0, 'package_id': '5e7eed47c7fbe25494a7fd27', 'file_name': 'SVN30063-h5-fans-cnpsec-20200328-14.03.28-offline-modified.zip', 'file_size': 871891, 'create_date': '2020-03-28T06:23:03.000Z', 'update_date': '2020-03-31T02:43:45.000Z', 'jsapi_permission_list': None}, {'id': 9144, 'app_id': 3076, 'user_id': 817840189865986, 'pkg_id': 887, 'version': '1.0.28', 'status': '2', 'release_type': 0, 'android_version_scope': '0.0.0.0,9.9.9.9', 'ios_version_scope': '0.0.0.0,9.9.9.9', 'is_wifi': 0, 'package_id': '5e7ebecbc3ba2557e3b38bc4', 'file_name': 'SVN30038-h5-fans-cnpsec-20200328-10.58.02-offline-modified.zip', 'file_size': 875483, 'create_date': '2020-03-28T03:04:43.000Z', 'update_date': '2020-03-28T06:23:03.000Z', 'jsapi_permission_list': None}, {'id': 9134, 'app_id': 3076, 'user_id': 817840189865986, 'pkg_id': 887, 'version': '1.0.27', 'status': '2', 'release_type': 0, 'android_version_scope': '0.0.0.0,9.9.9.9', 'ios_version_scope': '0.0.0.0,9.9.9.9', 'is_wifi': 0, 'package_id': '5e7dbe7c20eb0d54ad5c28a6', 'file_name': 'SVN30022-h5-fans-cnpsec-20200327-14.59.40-offline-modified.zip', 'file_size': 875115, 'create_date': '2020-03-27T08:51:08.000Z', 'update_date': '2020-03-28T03:04:43.000Z', 'jsapi_permission_list': None}, {'id': 9132, 'app_id': 3076, 'user_id': 817840189865986, 'pkg_id': 887, 'version': '1.0.26', 'status': '2', 'release_type': 0, 'android_version_scope': '0.0.0.0,9.9.9.9', 'ios_version_scope': '0.0.0.0,9.9.9.9', 'is_wifi': 0, 'package_id': '5e7dbe2dc3ba2557e3b389e2', 'file_name': 'SVN30022-h5-fans-cnpsec-20200327-14.59.40-offline-modified.zip', 'file_size': 875108, 'create_date': '2020-03-27T08:49:49.000Z', 'update_date': '2020-03-27T08:51:08.000Z', 'jsapi_permission_list': None}, {'id': 9121, 'app_id': 3076, 'user_id': 817840189865986, 'pkg_id': 887, 'version': '1.0.25', 'status': '2', 'release_type': 0, 'android_version_scope': '0.0.0.0,9.9.9.9', 'ios_version_scope': '0.0.0.0,9.9.9.9', 'is_wifi': 0, 'package_id': '5e7d6056c7fbe25494a7f613', 'file_name': 'SVN29984-h5-fans-cnpsec-20200326-09.47.29-offline-modified.zip', 'file_size': 875213, 'create_date': '2020-03-27T02:09:26.000Z', 'update_date': '2020-03-27T08:49:49.000Z', 'jsapi_permission_list': None}, {'id': 9105, 'app_id': 3076, 'user_id': 817840189865986, 'pkg_id': 887, 'version': '1.0.24', 'status': '2', 'release_type': 0, 'android_version_scope': '0.0.0.0,9.9.9.9', 'ios_version_scope': '0.0.0.0,9.9.9.9', 'is_wifi': 0, 'package_id': '5e7ca23d8cb7dd5499e82f80', 'file_name': 'SVN29787-h5-fans-cnpsec-20200319-14.19.02-offline-modified.zip', 'file_size': 907606, 'create_date': '2020-03-26T12:38:21.000Z', 'update_date': '2020-03-27T02:09:26.000Z', 'jsapi_permission_list': None}], 'total': 33, 'max_version': '1.0.33'}, 'err_no': 0}
Wed, 01 Apr 2020 21:01:22 connectionpool.py[line:959] DEBUG Starting new HTTPS connection (1): fs-api.lightyy.com:443
Wed, 01 Apr 2020 21:01:23 connectionpool.py[line:437] DEBUG https://fs-api.lightyy.com:443 "POST /file/light/package HTTP/1.1" 200 None
Wed, 01 Apr 2020 21:01:23 deploy_on_light.py[line:84] INFO {'data': '5e8490a975a4d552c16f0281', 'err_no': 0}
Wed, 01 Apr 2020 21:01:23 deploy_on_light.py[line:109] INFO Will Reuqeuest Interface: https://fs-api.lightyy.com/service/portal/appdiy/offline/add_offline_version
Wed, 01 Apr 2020 21:01:23 deploy_on_light.py[line:110] INFO Augues as follows: 
{'app_id': '3076', 'pkg_id': 887, 'version': '1.0.34', 'android_version_scope': '0.0.0.0,9.9.9.9', 'ios_version_scope': '0.0.0.0,9.9.9.9', 'is_wifi': 0, 'package_id': '5e8490a975a4d552c16f0281', 'file_name': 'SVN30137-h5-fans-cnpsec-20200331-13.51.42-offline-replaced-replaced.zip', 'file_size': 4343967}
Wed, 01 Apr 2020 21:01:23 connectionpool.py[line:959] DEBUG Starting new HTTPS connection (1): fs-api.lightyy.com:443
Wed, 01 Apr 2020 21:01:23 connectionpool.py[line:437] DEBUG https://fs-api.lightyy.com:443 "POST /service/portal/appdiy/offline/add_offline_version HTTP/1.1" 200 None
Wed, 01 Apr 2020 21:01:23 deploy_on_light.py[line:118] INFO Response: 
{'data': 9391, 'err_no': 0}
Wed, 01 Apr 2020 21:01:23 deploy_on_light.py[line:109] INFO Will Reuqeuest Interface: https://fs-api.lightyy.com/service/portal/appdiy/offline/query_offline_task
Wed, 01 Apr 2020 21:01:23 deploy_on_light.py[line:110] INFO Augues as follows: 
{'app_id': '3076', 'version_id': 9318, 'page_no': 1, 'page_size': 5}
Wed, 01 Apr 2020 21:01:23 connectionpool.py[line:959] DEBUG Starting new HTTPS connection (1): fs-api.lightyy.com:443
Wed, 01 Apr 2020 21:01:23 connectionpool.py[line:437] DEBUG https://fs-api.lightyy.com:443 "GET /service/portal/appdiy/offline/query_offline_task?app_id=3076&version_id=9318&page_no=1&page_size=5 HTTP/1.1" 200 None
Wed, 01 Apr 2020 21:01:23 deploy_on_light.py[line:118] INFO Response: 
{'data': {'list': [{'id': 9626, 'pkg_id': 887, 'release_type': 0, 'status': '0', 'release_strategy': None, 'release_desc': 'Auto Deployed.', 'create_date': '2020-03-31T15:54:02.000Z', 'update_date': '2020-03-31T15:54:02.000Z', 'version_id': 9318, 'pause_time': '2020-03-31T15:54:02.000Z', 'pause_total': None, 'update_strategy': 0}], 'total': 1}, 'err_no': 0}
Wed, 01 Apr 2020 21:01:23 deploy_on_light.py[line:109] INFO Will Reuqeuest Interface: https://fs-api.lightyy.com/service/portal/appdiy/offline/update_offline_task
Wed, 01 Apr 2020 21:01:23 deploy_on_light.py[line:110] INFO Augues as follows: 
{'app_id': '3076', 'id': 9626, 'status': 2}
Wed, 01 Apr 2020 21:01:23 connectionpool.py[line:959] DEBUG Starting new HTTPS connection (1): fs-api.lightyy.com:443
Wed, 01 Apr 2020 21:01:23 connectionpool.py[line:437] DEBUG https://fs-api.lightyy.com:443 "POST /service/portal/appdiy/offline/update_offline_task HTTP/1.1" 200 None
Wed, 01 Apr 2020 21:01:23 deploy_on_light.py[line:118] INFO Response: 
{'data': 9626, 'err_no': 0}
Wed, 01 Apr 2020 21:01:23 deploy_on_light.py[line:109] INFO Will Reuqeuest Interface: https://fs-api.lightyy.com/service/portal/appdiy/offline/add_offline_task
Wed, 01 Apr 2020 21:01:23 deploy_on_light.py[line:110] INFO Augues as follows: 
{'app_id': '3076', 'pkg_id': 887, 'version_id': 9391, 'release_type': 0, 'update_strategy': 0, 'release_desc': 'Auto Deployed.'}
Wed, 01 Apr 2020 21:01:23 connectionpool.py[line:959] DEBUG Starting new HTTPS connection (1): fs-api.lightyy.com:443
Wed, 01 Apr 2020 21:01:23 connectionpool.py[line:437] DEBUG https://fs-api.lightyy.com:443 "POST /service/portal/appdiy/offline/add_offline_task HTTP/1.1" 200 None
Wed, 01 Apr 2020 21:01:23 deploy_on_light.py[line:118] INFO Response: 
{'data': 9701, 'err_no': 0}
Wed, 01 Apr 2020 21:01:23 views.py[line:168] INFO Update light token[{'Authorization': 'Light 299bd6b073c211ea8383392c9629c3d3'}].
Wed, 01 Apr 2020 21:01:23 views.py[line:175] INFO Deploy SVN30137-h5-fans-cnpsec-20200331-13.51.42-offline-replaced.zip on app zhongyou-fans Successfully.
